[2019-03-17 12:06:49,661] INFO Replica loaded for partition test4-0 with initial high watermark 0 (kafka.cluster.Replica)
[2019-03-17 12:06:49,701] INFO Replica loaded for partition test4-0 with initial high watermark 0 (kafka.cluster.Replica)
[2019-03-17 12:06:49,702] INFO Replica loaded for partition test3-0 with initial high watermark 0 (kafka.cluster.Replica)
[2019-03-17 12:06:49,702] INFO Replica loaded for partition test3-0 with initial high watermark 0 (kafka.cluster.Replica)
[2019-03-17 12:06:49,702] INFO Replica loaded for partition test4-1 with initial high watermark 0 (kafka.cluster.Replica)
[2019-03-17 12:06:49,702] INFO Replica loaded for partition test4-1 with initial high watermark 0 (kafka.cluster.Replica)
[2019-03-17 12:06:49,702] INFO Replica loaded for partition test4-2 with initial high watermark 0 (kafka.cluster.Replica)
[2019-03-17 12:06:49,702] INFO Replica loaded for partition test4-2 with initial high watermark 0 (kafka.cluster.Replica)
[2019-03-17 12:06:49,703] INFO [ReplicaFetcherManager on broker 1] Removed fetcher for partitions Set(test4-1, test3-0, test4-2, test4-0) (kafka.server.ReplicaFetcherManager)
[2019-03-17 12:06:49,936] INFO [ReplicaFetcherManager on broker 1] Added fetcher to broker BrokerEndPoint(id=2, host=bdata2:9092) for partitions Map(test4-1 -> (offset=0, leaderEpoch=5), test4-2 -> (offset=0, leaderEpoch=3), test3-0 -> (offset=0, leaderEpoch=3), test4-0 -> (offset=0, leaderEpoch=3)) (kafka.server.ReplicaFetcherManager)
[2019-03-17 12:06:49,944] INFO [ReplicaFetcher replicaId=1, leaderId=2, fetcherId=0] Starting (kafka.server.ReplicaFetcherThread)
[2019-03-17 12:06:49,966] INFO [ReplicaFetcher replicaId=1, leaderId=2, fetcherId=0] Truncating partition test4-1 to local high watermark 0 (kafka.server.ReplicaFetcherThread)
[2019-03-17 12:06:49,968] INFO [Log partition=test4-1, dir=/data/bdata/logs/kafka/kafka-logs] Truncating to 0 has no effect as the largest offset in the log is -1 (kafka.log.Log)
[2019-03-17 12:06:49,971] INFO [ReplicaFetcher replicaId=1, leaderId=2, fetcherId=0] Truncating partition test3-0 to local high watermark 0 (kafka.server.ReplicaFetcherThread)
[2019-03-17 12:06:49,971] INFO [Log partition=test3-0, dir=/data/bdata/logs/kafka/kafka-logs] Truncating to 0 has no effect as the largest offset in the log is -1 (kafka.log.Log)
[2019-03-17 12:06:49,972] INFO [ReplicaFetcher replicaId=1, leaderId=2, fetcherId=0] Truncating partition test4-2 to local high watermark 0 (kafka.server.ReplicaFetcherThread)
[2019-03-17 12:06:49,972] INFO [Log partition=test4-2, dir=/data/bdata/logs/kafka/kafka-logs] Truncating to 0 has no effect as the largest offset in the log is -1 (kafka.log.Log)
[2019-03-17 12:06:49,972] INFO [ReplicaFetcher replicaId=1, leaderId=2, fetcherId=0] Truncating partition test4-0 to local high watermark 0 (kafka.server.ReplicaFetcherThread)
[2019-03-17 12:06:49,972] INFO [Log partition=test4-0, dir=/data/bdata/logs/kafka/kafka-logs] Truncating to 0 has no effect as the largest offset in the log is -1 (kafka.log.Log)
[2019-03-17 12:06:53,717] ERROR [ReplicaFetcher replicaId=1, leaderId=2, fetcherId=0] Error for partition test4-1 at offset 0 (kafka.server.ReplicaFetcherThread)
org.apache.kafka.common.errors.UnknownTopicOrPartitionException: This server does not host this topic-partition.
[2019-03-17 12:06:53,718] ERROR [ReplicaFetcher replicaId=1, leaderId=2, fetcherId=0] Error for partition test4-2 at offset 0 (kafka.server.ReplicaFetcherThread)
org.apache.kafka.common.errors.UnknownTopicOrPartitionException: This server does not host this topic-partition.
[2019-03-17 12:06:53,718] ERROR [ReplicaFetcher replicaId=1, leaderId=2, fetcherId=0] Error for partition test4-0 at offset 0 (kafka.server.ReplicaFetcherThread)
org.apache.kafka.common.errors.UnknownTopicOrPartitionException: This server does not host this topic-partition.
[2019-03-17 12:06:53,718] ERROR [ReplicaFetcher replicaId=1, leaderId=2, fetcherId=0] Error for partition test3-0 at offset 0 (kafka.server.ReplicaFetcherThread)
org.apache.kafka.common.errors.UnknownTopicOrPartitionException: This server does not host this topic-partition.
[2019-03-17 12:07:45,503] INFO [GroupMetadataManager brokerId=1] Removed 0 expired offsets in 0 milliseconds. (kafka.coordinator.group.GroupMetadataManager)
[2019-03-17 12:07:52,990] INFO [ReplicaFetcherManager on broker 1] Removed fetcher for partitions Set(test4-0) (kafka.server.ReplicaFetcherManager)
[2019-03-17 12:07:52,990] INFO [Partition test4-0 broker=1] test4-0 starts at Leader Epoch 4 from offset 0. Previous Leader Epoch was: 3 (kafka.cluster.Partition)
