[2019-03-17 12:02:52,918] ERROR [Controller id=1 epoch=6] Controller 1 epoch 6 failed to change state for partition test4-0 from OfflinePartition to OnlinePartition (state.change.logger)
kafka.common.StateChangeFailedException: Failed to elect leader for partition test4-0 under strategy PreferredReplicaPartitionLeaderElectionStrategy
	at kafka.controller.PartitionStateMachine.$anonfun$doElectLeaderForPartitions$9(PartitionStateMachine.scala:366)
	at scala.collection.mutable.ResizableArray.foreach(ResizableArray.scala:58)
	at scala.collection.mutable.ResizableArray.foreach$(ResizableArray.scala:51)
	at scala.collection.mutable.ArrayBuffer.foreach(ArrayBuffer.scala:47)
	at kafka.controller.PartitionStateMachine.doElectLeaderForPartitions(PartitionStateMachine.scala:364)
	at kafka.controller.PartitionStateMachine.electLeaderForPartitions(PartitionStateMachine.scala:292)
	at kafka.controller.PartitionStateMachine.doHandleStateChanges(PartitionStateMachine.scala:210)
	at kafka.controller.PartitionStateMachine.handleStateChanges(PartitionStateMachine.scala:133)
	at kafka.controller.KafkaController.kafka$controller$KafkaController$$onPreferredReplicaElection(KafkaController.scala:624)
	at kafka.controller.KafkaController.$anonfun$checkAndTriggerAutoLeaderRebalance$6(KafkaController.scala:974)
	at kafka.controller.KafkaController.$anonfun$checkAndTriggerAutoLeaderRebalance$6$adapted(KafkaController.scala:955)
	at scala.collection.immutable.Map$Map3.foreach(Map.scala:192)
	at kafka.controller.KafkaController.kafka$controller$KafkaController$$checkAndTriggerAutoLeaderRebalance(KafkaController.scala:955)
	at kafka.controller.KafkaController$AutoPreferredReplicaLeaderElection$.process(KafkaController.scala:986)
	at kafka.controller.ControllerEventManager$ControllerEventThread.$anonfun$doWork$1(ControllerEventManager.scala:89)
	at scala.runtime.java8.JFunction0$mcV$sp.apply(JFunction0$mcV$sp.java:12)
	at kafka.metrics.KafkaTimer.time(KafkaTimer.scala:31)
	at kafka.controller.ControllerEventManager$ControllerEventThread.doWork(ControllerEventManager.scala:89)
	at kafka.utils.ShutdownableThread.run(ShutdownableThread.scala:82)
[2019-03-17 12:06:49,410] TRACE [Controller id=1 epoch=6] Sending UpdateMetadata request PartitionState(controllerEpoch=3, leader=2, leaderEpoch=1, isr=[2], zkVersion=1, replicas=[2], offlineReplicas=[]) to brokers Set(1, 2) for partition test1-0 (state.change.logger)
[2019-03-17 12:06:49,410] TRACE [Controller id=1 epoch=6] Sending UpdateMetadata request PartitionState(controllerEpoch=3, leader=2, leaderEpoch=1, isr=[2], zkVersion=1, replicas=[2], offlineReplicas=[]) to brokers Set(1, 2) for partition test2-2 (state.change.logger)
[2019-03-17 12:06:49,410] TRACE [Controller id=1 epoch=6] Sending UpdateMetadata request PartitionState(controllerEpoch=3, leader=2, leaderEpoch=2, isr=[2], zkVersion=2, replicas=[1, 2, 3], offlineReplicas=[3]) to brokers Set(1, 2) for partition test4-0 (state.change.logger)
[2019-03-17 12:06:49,410] TRACE [Controller id=1 epoch=6] Sending UpdateMetadata request PartitionState(controllerEpoch=3, leader=2, leaderEpoch=2, isr=[2], zkVersion=2, replicas=[3, 1, 2], offlineReplicas=[3]) to brokers Set(1, 2) for partition test4-2 (state.change.logger)
[2019-03-17 12:06:49,410] TRACE [Controller id=1 epoch=6] Sending UpdateMetadata request PartitionState(controllerEpoch=2, leader=1, leaderEpoch=0, isr=[1], zkVersion=0, replicas=[1], offlineReplicas=[]) to brokers Set(1, 2) for partition test2-1 (state.change.logger)
[2019-03-17 12:06:49,410] TRACE [Controller id=1 epoch=6] Sending UpdateMetadata request PartitionState(controllerEpoch=3, leader=2, leaderEpoch=2, isr=[2], zkVersion=2, replicas=[3, 2, 1], offlineReplicas=[3]) to brokers Set(1, 2) for partition test3-0 (state.change.logger)
[2019-03-17 12:06:49,410] TRACE [Controller id=1 epoch=6] Sending UpdateMetadata request PartitionState(controllerEpoch=3, leader=2, leaderEpoch=4, isr=[2], zkVersion=5, replicas=[2, 3, 1], offlineReplicas=[3]) to brokers Set(1, 2) for partition test4-1 (state.change.logger)
[2019-03-17 12:06:49,410] TRACE [Controller id=1 epoch=6] Sending UpdateMetadata request PartitionState(controllerEpoch=3, leader=-1, leaderEpoch=1, isr=[3], zkVersion=1, replicas=[3], offlineReplicas=[3]) to brokers Set(1, 2) for partition test2-0 (state.change.logger)
[2019-03-17 12:06:49,411] TRACE [Controller id=1 epoch=6] Changed state of replica 2 for partition test3-0 from ReplicaDeletionIneligible to OnlineReplica (state.change.logger)
[2019-03-17 12:06:49,412] TRACE [Controller id=1 epoch=6] Changed state of replica 2 for partition test1-0 from ReplicaDeletionIneligible to OnlineReplica (state.change.logger)
[2019-03-17 12:06:49,412] TRACE [Controller id=1 epoch=6] Changed state of replica 2 for partition test2-2 from ReplicaDeletionIneligible to OnlineReplica (state.change.logger)
[2019-03-17 12:06:49,412] TRACE [Controller id=1 epoch=6] Changed state of replica 2 for partition test4-1 from ReplicaDeletionIneligible to OnlineReplica (state.change.logger)
[2019-03-17 12:06:49,412] TRACE [Controller id=1 epoch=6] Changed state of replica 2 for partition test4-2 from ReplicaDeletionIneligible to OnlineReplica (state.change.logger)
[2019-03-17 12:06:49,412] TRACE [Controller id=1 epoch=6] Changed state of replica 2 for partition test4-0 from ReplicaDeletionIneligible to OnlineReplica (state.change.logger)
[2019-03-17 12:06:49,412] TRACE [Controller id=1 epoch=6] Sending become-leader LeaderAndIsr request PartitionState(controllerEpoch=3, leader=2, leaderEpoch=1, isr=2, zkVersion=1, replicas=2, isNew=false) to broker 2 for partition test2-2 (state.change.logger)
[2019-03-17 12:06:49,412] TRACE [Controller id=1 epoch=6] Sending become-leader LeaderAndIsr request PartitionState(controllerEpoch=3, leader=2, leaderEpoch=1, isr=2, zkVersion=1, replicas=2, isNew=false) to broker 2 for partition test1-0 (state.change.logger)
[2019-03-17 12:06:49,412] TRACE [Controller id=1 epoch=6] Sending become-leader LeaderAndIsr request PartitionState(controllerEpoch=3, leader=2, leaderEpoch=2, isr=2, zkVersion=2, replicas=1,2,3, isNew=false) to broker 2 for partition test4-0 (state.change.logger)
[2019-03-17 12:06:49,412] TRACE [Controller id=1 epoch=6] Sending become-leader LeaderAndIsr request PartitionState(controllerEpoch=3, leader=2, leaderEpoch=2, isr=2, zkVersion=2, replicas=3,1,2, isNew=false) to broker 2 for partition test4-2 (state.change.logger)
[2019-03-17 12:06:49,413] TRACE [Controller id=1 epoch=6] Sending become-leader LeaderAndIsr request PartitionState(controllerEpoch=3, leader=2, leaderEpoch=2, isr=2, zkVersion=2, replicas=3,2,1, isNew=false) to broker 2 for partition test3-0 (state.change.logger)
[2019-03-17 12:06:49,413] TRACE [Controller id=1 epoch=6] Sending become-leader LeaderAndIsr request PartitionState(controllerEpoch=3, leader=2, leaderEpoch=4, isr=2, zkVersion=5, replicas=2,3,1, isNew=false) to broker 2 for partition test4-1 (state.change.logger)
[2019-03-17 12:06:49,413] TRACE [Controller id=1 epoch=6] Sending UpdateMetadata request PartitionState(controllerEpoch=3, leader=2, leaderEpoch=1, isr=[2], zkVersion=1, replicas=[2], offlineReplicas=[]) to brokers Set(1, 2) for partition test2-2 (state.change.logger)
[2019-03-17 12:06:49,413] TRACE [Controller id=1 epoch=6] Sending UpdateMetadata request PartitionState(controllerEpoch=3, leader=2, leaderEpoch=1, isr=[2], zkVersion=1, replicas=[2], offlineReplicas=[]) to brokers Set(1, 2) for partition test1-0 (state.change.logger)
[2019-03-17 12:06:49,413] TRACE [Controller id=1 epoch=6] Sending UpdateMetadata request PartitionState(controllerEpoch=3, leader=2, leaderEpoch=2, isr=[2], zkVersion=2, replicas=[1, 2, 3], offlineReplicas=[3]) to brokers Set(1, 2) for partition test4-0 (state.change.logger)
[2019-03-17 12:06:49,413] TRACE [Controller id=1 epoch=6] Sending UpdateMetadata request PartitionState(controllerEpoch=3, leader=2, leaderEpoch=2, isr=[2], zkVersion=2, replicas=[3, 1, 2], offlineReplicas=[3]) to brokers Set(1, 2) for partition test4-2 (state.change.logger)
[2019-03-17 12:06:49,413] TRACE [Controller id=1 epoch=6] Sending UpdateMetadata request PartitionState(controllerEpoch=3, leader=2, leaderEpoch=2, isr=[2], zkVersion=2, replicas=[3, 2, 1], offlineReplicas=[3]) to brokers Set(1, 2) for partition test3-0 (state.change.logger)
[2019-03-17 12:06:49,413] TRACE [Controller id=1 epoch=6] Sending UpdateMetadata request PartitionState(controllerEpoch=3, leader=2, leaderEpoch=4, isr=[2], zkVersion=5, replicas=[2, 3, 1], offlineReplicas=[3]) to brokers Set(1, 2) for partition test4-1 (state.change.logger)
[2019-03-17 12:06:49,421] TRACE [Broker id=1] Cached leader info PartitionState(controllerEpoch=3, leader=2, leaderEpoch=4, isr=[2], zkVersion=5, replicas=[2, 3, 1], offlineReplicas=[3]) for partition test4-1 in response to UpdateMetadata request sent by controller 1 epoch 6 with correlation id 3 (state.change.logger)
[2019-03-17 12:06:49,422] TRACE [Broker id=1] Cached leader info PartitionState(controllerEpoch=3, leader=2, leaderEpoch=2, isr=[2], zkVersion=2, replicas=[3, 2, 1], offlineReplicas=[3]) for partition test3-0 in response to UpdateMetadata request sent by controller 1 epoch 6 with correlation id 3 (state.change.logger)
[2019-03-17 12:06:49,422] TRACE [Broker id=1] Cached leader info PartitionState(controllerEpoch=3, leader=2, leaderEpoch=2, isr=[2], zkVersion=2, replicas=[1, 2, 3], offlineReplicas=[3]) for partition test4-0 in response to UpdateMetadata request sent by controller 1 epoch 6 with correlation id 3 (state.change.logger)
[2019-03-17 12:06:49,422] TRACE [Broker id=1] Cached leader info PartitionState(controllerEpoch=2, leader=1, leaderEpoch=0, isr=[1], zkVersion=0, replicas=[1], offlineReplicas=[]) for partition test2-1 in response to UpdateMetadata request sent by controller 1 epoch 6 with correlation id 3 (state.change.logger)
[2019-03-17 12:06:49,422] TRACE [Broker id=1] Cached leader info PartitionState(controllerEpoch=3, leader=2, leaderEpoch=1, isr=[2], zkVersion=1, replicas=[2], offlineReplicas=[]) for partition test1-0 in response to UpdateMetadata request sent by controller 1 epoch 6 with correlation id 3 (state.change.logger)
[2019-03-17 12:06:49,422] TRACE [Broker id=1] Cached leader info PartitionState(controllerEpoch=3, leader=2, leaderEpoch=2, isr=[2], zkVersion=2, replicas=[3, 1, 2], offlineReplicas=[3]) for partition test4-2 in response to UpdateMetadata request sent by controller 1 epoch 6 with correlation id 3 (state.change.logger)
[2019-03-17 12:06:49,422] TRACE [Broker id=1] Cached leader info PartitionState(controllerEpoch=3, leader=-1, leaderEpoch=1, isr=[3], zkVersion=1, replicas=[3], offlineReplicas=[3]) for partition test2-0 in response to UpdateMetadata request sent by controller 1 epoch 6 with correlation id 3 (state.change.logger)
[2019-03-17 12:06:49,422] TRACE [Broker id=1] Cached leader info PartitionState(controllerEpoch=3, leader=2, leaderEpoch=1, isr=[2], zkVersion=1, replicas=[2], offlineReplicas=[]) for partition test2-2 in response to UpdateMetadata request sent by controller 1 epoch 6 with correlation id 3 (state.change.logger)
[2019-03-17 12:06:49,423] TRACE [Controller id=1 epoch=6] Received response {error_code=0} for request UPDATE_METADATA with correlation id 3 sent to broker bdata1:9092 (id: 1 rack: null) (state.change.logger)
[2019-03-17 12:06:49,424] TRACE [Broker id=1] Cached leader info PartitionState(controllerEpoch=3, leader=2, leaderEpoch=4, isr=[2], zkVersion=5, replicas=[2, 3, 1], offlineReplicas=[3]) for partition test4-1 in response to UpdateMetadata request sent by controller 1 epoch 6 with correlation id 4 (state.change.logger)
[2019-03-17 12:06:49,424] TRACE [Broker id=1] Cached leader info PartitionState(controllerEpoch=3, leader=2, leaderEpoch=2, isr=[2], zkVersion=2, replicas=[3, 2, 1], offlineReplicas=[3]) for partition test3-0 in response to UpdateMetadata request sent by controller 1 epoch 6 with correlation id 4 (state.change.logger)
[2019-03-17 12:06:49,424] TRACE [Broker id=1] Cached leader info PartitionState(controllerEpoch=3, leader=2, leaderEpoch=2, isr=[2], zkVersion=2, replicas=[1, 2, 3], offlineReplicas=[3]) for partition test4-0 in response to UpdateMetadata request sent by controller 1 epoch 6 with correlation id 4 (state.change.logger)
[2019-03-17 12:06:49,424] TRACE [Broker id=1] Cached leader info PartitionState(controllerEpoch=3, leader=2, leaderEpoch=1, isr=[2], zkVersion=1, replicas=[2], offlineReplicas=[]) for partition test1-0 in response to UpdateMetadata request sent by controller 1 epoch 6 with correlation id 4 (state.change.logger)
[2019-03-17 12:06:49,424] TRACE [Broker id=1] Cached leader info PartitionState(controllerEpoch=3, leader=2, leaderEpoch=2, isr=[2], zkVersion=2, replicas=[3, 1, 2], offlineReplicas=[3]) for partition test4-2 in response to UpdateMetadata request sent by controller 1 epoch 6 with correlation id 4 (state.change.logger)
[2019-03-17 12:06:49,424] TRACE [Broker id=1] Cached leader info PartitionState(controllerEpoch=3, leader=2, leaderEpoch=1, isr=[2], zkVersion=1, replicas=[2], offlineReplicas=[]) for partition test2-2 in response to UpdateMetadata request sent by controller 1 epoch 6 with correlation id 4 (state.change.logger)
[2019-03-17 12:06:49,424] TRACE [Controller id=1 epoch=6] Received response {error_code=0} for request UPDATE_METADATA with correlation id 4 sent to broker bdata1:9092 (id: 1 rack: null) (state.change.logger)
[2019-03-17 12:06:49,655] ERROR [Controller id=1 epoch=6] Controller 1 epoch 6 failed to change state for partition test2-0 from OfflinePartition to OnlinePartition (state.change.logger)
kafka.common.StateChangeFailedException: Failed to elect leader for partition test2-0 under strategy OfflinePartitionLeaderElectionStrategy
	at kafka.controller.PartitionStateMachine.$anonfun$doElectLeaderForPartitions$9(PartitionStateMachine.scala:366)
	at scala.collection.mutable.ResizableArray.foreach(ResizableArray.scala:58)
	at scala.collection.mutable.ResizableArray.foreach$(ResizableArray.scala:51)
	at scala.collection.mutable.ArrayBuffer.foreach(ArrayBuffer.scala:47)
	at kafka.controller.PartitionStateMachine.doElectLeaderForPartitions(PartitionStateMachine.scala:364)
	at kafka.controller.PartitionStateMachine.electLeaderForPartitions(PartitionStateMachine.scala:292)
	at kafka.controller.PartitionStateMachine.doHandleStateChanges(PartitionStateMachine.scala:210)
	at kafka.controller.PartitionStateMachine.handleStateChanges(PartitionStateMachine.scala:133)
	at kafka.controller.PartitionStateMachine.triggerOnlinePartitionStateChange(PartitionStateMachine.scala:123)
	at kafka.controller.PartitionStateMachine.triggerOnlinePartitionStateChange(PartitionStateMachine.scala:109)
	at kafka.controller.KafkaController.kafka$controller$KafkaController$$onBrokerStartup(KafkaController.scala:371)
	at kafka.controller.KafkaController$BrokerChange$.process(KafkaController.scala:1259)
	at kafka.controller.ControllerEventManager$ControllerEventThread.$anonfun$doWork$1(ControllerEventManager.scala:89)
	at scala.runtime.java8.JFunction0$mcV$sp.apply(JFunction0$mcV$sp.java:12)
	at kafka.metrics.KafkaTimer.time(KafkaTimer.scala:31)
	at kafka.controller.ControllerEventManager$ControllerEventThread.doWork(ControllerEventManager.scala:89)
	at kafka.utils.ShutdownableThread.run(ShutdownableThread.scala:82)
[2019-03-17 12:06:49,656] TRACE [Controller id=1 epoch=6] Changed partition test4-1 from OfflinePartition to OnlinePartition with state LeaderAndIsr(leader=2, leaderEpoch=5, isr=List(2), zkVersion=6) (state.change.logger)
[2019-03-17 12:06:49,656] TRACE [Controller id=1 epoch=6] Changed partition test3-0 from OfflinePartition to OnlinePartition with state LeaderAndIsr(leader=2, leaderEpoch=3, isr=List(2), zkVersion=3) (state.change.logger)
[2019-03-17 12:06:49,656] TRACE [Controller id=1 epoch=6] Changed partition test4-0 from OfflinePartition to OnlinePartition with state LeaderAndIsr(leader=2, leaderEpoch=3, isr=List(2), zkVersion=3) (state.change.logger)
[2019-03-17 12:06:49,656] TRACE [Controller id=1 epoch=6] Changed partition test1-0 from OfflinePartition to OnlinePartition with state LeaderAndIsr(leader=2, leaderEpoch=2, isr=List(2), zkVersion=2) (state.change.logger)
[2019-03-17 12:06:49,656] TRACE [Controller id=1 epoch=6] Changed partition test2-2 from OfflinePartition to OnlinePartition with state LeaderAndIsr(leader=2, leaderEpoch=2, isr=List(2), zkVersion=2) (state.change.logger)
[2019-03-17 12:06:49,656] TRACE [Controller id=1 epoch=6] Changed partition test4-2 from OfflinePartition to OnlinePartition with state LeaderAndIsr(leader=2, leaderEpoch=3, isr=List(2), zkVersion=3) (state.change.logger)
[2019-03-17 12:06:49,656] TRACE [Controller id=1 epoch=6] Sending become-leader LeaderAndIsr request PartitionState(controllerEpoch=6, leader=2, leaderEpoch=2, isr=2, zkVersion=2, replicas=2, isNew=false) to broker 2 for partition test2-2 (state.change.logger)
[2019-03-17 12:06:49,656] TRACE [Controller id=1 epoch=6] Sending become-leader LeaderAndIsr request PartitionState(controllerEpoch=6, leader=2, leaderEpoch=2, isr=2, zkVersion=2, replicas=2, isNew=false) to broker 2 for partition test1-0 (state.change.logger)
[2019-03-17 12:06:49,656] TRACE [Controller id=1 epoch=6] Sending become-leader LeaderAndIsr request PartitionState(controllerEpoch=6, leader=2, leaderEpoch=3, isr=2, zkVersion=3, replicas=1,2,3, isNew=false) to broker 2 for partition test4-0 (state.change.logger)
[2019-03-17 12:06:49,656] TRACE [Controller id=1 epoch=6] Sending become-leader LeaderAndIsr request PartitionState(controllerEpoch=6, leader=2, leaderEpoch=3, isr=2, zkVersion=3, replicas=3,1,2, isNew=false) to broker 2 for partition test4-2 (state.change.logger)
[2019-03-17 12:06:49,656] TRACE [Controller id=1 epoch=6] Sending become-leader LeaderAndIsr request PartitionState(controllerEpoch=6, leader=2, leaderEpoch=3, isr=2, zkVersion=3, replicas=3,2,1, isNew=false) to broker 2 for partition test3-0 (state.change.logger)
[2019-03-17 12:06:49,656] TRACE [Controller id=1 epoch=6] Sending become-leader LeaderAndIsr request PartitionState(controllerEpoch=6, leader=2, leaderEpoch=5, isr=2, zkVersion=6, replicas=2,3,1, isNew=false) to broker 2 for partition test4-1 (state.change.logger)
[2019-03-17 12:06:49,656] TRACE [Controller id=1 epoch=6] Sending become-follower LeaderAndIsr request PartitionState(controllerEpoch=6, leader=2, leaderEpoch=3, isr=2, zkVersion=3, replicas=1,2,3, isNew=false) to broker 1 for partition test4-0 (state.change.logger)
[2019-03-17 12:06:49,656] TRACE [Controller id=1 epoch=6] Sending become-follower LeaderAndIsr request PartitionState(controllerEpoch=6, leader=2, leaderEpoch=3, isr=2, zkVersion=3, replicas=3,1,2, isNew=false) to broker 1 for partition test4-2 (state.change.logger)
[2019-03-17 12:06:49,657] TRACE [Controller id=1 epoch=6] Sending become-follower LeaderAndIsr request PartitionState(controllerEpoch=6, leader=2, leaderEpoch=3, isr=2, zkVersion=3, replicas=3,2,1, isNew=false) to broker 1 for partition test3-0 (state.change.logger)
[2019-03-17 12:06:49,657] TRACE [Controller id=1 epoch=6] Sending become-follower LeaderAndIsr request PartitionState(controllerEpoch=6, leader=2, leaderEpoch=5, isr=2, zkVersion=6, replicas=2,3,1, isNew=false) to broker 1 for partition test4-1 (state.change.logger)
[2019-03-17 12:06:49,657] TRACE [Controller id=1 epoch=6] Sending UpdateMetadata request PartitionState(controllerEpoch=6, leader=2, leaderEpoch=2, isr=[2], zkVersion=2, replicas=[2], offlineReplicas=[]) to brokers Set(1, 2) for partition test2-2 (state.change.logger)
[2019-03-17 12:06:49,657] TRACE [Controller id=1 epoch=6] Sending UpdateMetadata request PartitionState(controllerEpoch=6, leader=2, leaderEpoch=2, isr=[2], zkVersion=2, replicas=[2], offlineReplicas=[]) to brokers Set(1, 2) for partition test1-0 (state.change.logger)
[2019-03-17 12:06:49,657] TRACE [Controller id=1 epoch=6] Sending UpdateMetadata request PartitionState(controllerEpoch=6, leader=2, leaderEpoch=3, isr=[2], zkVersion=3, replicas=[1, 2, 3], offlineReplicas=[3]) to brokers Set(1, 2) for partition test4-0 (state.change.logger)
[2019-03-17 12:06:49,657] TRACE [Controller id=1 epoch=6] Sending UpdateMetadata request PartitionState(controllerEpoch=6, leader=2, leaderEpoch=3, isr=[2], zkVersion=3, replicas=[3, 1, 2], offlineReplicas=[3]) to brokers Set(1, 2) for partition test4-2 (state.change.logger)
[2019-03-17 12:06:49,657] TRACE [Controller id=1 epoch=6] Sending UpdateMetadata request PartitionState(controllerEpoch=6, leader=2, leaderEpoch=3, isr=[2], zkVersion=3, replicas=[3, 2, 1], offlineReplicas=[3]) to brokers Set(1, 2) for partition test3-0 (state.change.logger)
[2019-03-17 12:06:49,657] TRACE [Controller id=1 epoch=6] Sending UpdateMetadata request PartitionState(controllerEpoch=6, leader=2, leaderEpoch=5, isr=[2], zkVersion=6, replicas=[2, 3, 1], offlineReplicas=[3]) to brokers Set(1, 2) for partition test4-1 (state.change.logger)
[2019-03-17 12:06:49,659] TRACE [Broker id=1] Received LeaderAndIsr request PartitionState(controllerEpoch=6, leader=2, leaderEpoch=3, isr=2, zkVersion=3, replicas=3,2,1, isNew=false) correlation id 5 from controller 1 epoch 6 for partition test3-0 (state.change.logger)
[2019-03-17 12:06:49,659] TRACE [Broker id=1] Received LeaderAndIsr request PartitionState(controllerEpoch=6, leader=2, leaderEpoch=5, isr=2, zkVersion=6, replicas=2,3,1, isNew=false) correlation id 5 from controller 1 epoch 6 for partition test4-1 (state.change.logger)
[2019-03-17 12:06:49,659] TRACE [Broker id=1] Received LeaderAndIsr request PartitionState(controllerEpoch=6, leader=2, leaderEpoch=3, isr=2, zkVersion=3, replicas=1,2,3, isNew=false) correlation id 5 from controller 1 epoch 6 for partition test4-0 (state.change.logger)
[2019-03-17 12:06:49,659] TRACE [Broker id=1] Received LeaderAndIsr request PartitionState(controllerEpoch=6, leader=2, leaderEpoch=3, isr=2, zkVersion=3, replicas=3,1,2, isNew=false) correlation id 5 from controller 1 epoch 6 for partition test4-2 (state.change.logger)
[2019-03-17 12:06:49,659] TRACE [Broker id=1] Handling LeaderAndIsr request correlationId 5 from controller 1 epoch 6 starting the become-follower transition for partition test4-0 with leader 2 (state.change.logger)
[2019-03-17 12:06:49,659] TRACE [Broker id=1] Handling LeaderAndIsr request correlationId 5 from controller 1 epoch 6 starting the become-follower transition for partition test3-0 with leader 2 (state.change.logger)
[2019-03-17 12:06:49,659] TRACE [Broker id=1] Handling LeaderAndIsr request correlationId 5 from controller 1 epoch 6 starting the become-follower transition for partition test4-1 with leader 2 (state.change.logger)
[2019-03-17 12:06:49,659] TRACE [Broker id=1] Handling LeaderAndIsr request correlationId 5 from controller 1 epoch 6 starting the become-follower transition for partition test4-2 with leader 2 (state.change.logger)
[2019-03-17 12:06:49,703] TRACE [Broker id=1] Stopped fetchers as part of become-follower request from controller 1 epoch 6 with correlation id 5 for partition test4-0 with leader 2 (state.change.logger)
[2019-03-17 12:06:49,703] TRACE [Broker id=1] Stopped fetchers as part of become-follower request from controller 1 epoch 6 with correlation id 5 for partition test4-2 with leader 2 (state.change.logger)
[2019-03-17 12:06:49,703] TRACE [Broker id=1] Stopped fetchers as part of become-follower request from controller 1 epoch 6 with correlation id 5 for partition test3-0 with leader 2 (state.change.logger)
[2019-03-17 12:06:49,703] TRACE [Broker id=1] Stopped fetchers as part of become-follower request from controller 1 epoch 6 with correlation id 5 for partition test4-1 with leader 2 (state.change.logger)
[2019-03-17 12:06:49,723] TRACE [Broker id=1] Truncated logs and checkpointed recovery boundaries for partition test4-0 as part of become-follower request with correlation id 5 from controller 1 epoch 6 with leader 2 (state.change.logger)
[2019-03-17 12:06:49,723] TRACE [Broker id=1] Truncated logs and checkpointed recovery boundaries for partition test4-2 as part of become-follower request with correlation id 5 from controller 1 epoch 6 with leader 2 (state.change.logger)
[2019-03-17 12:06:49,723] TRACE [Broker id=1] Truncated logs and checkpointed recovery boundaries for partition test3-0 as part of become-follower request with correlation id 5 from controller 1 epoch 6 with leader 2 (state.change.logger)
[2019-03-17 12:06:49,723] TRACE [Broker id=1] Truncated logs and checkpointed recovery boundaries for partition test4-1 as part of become-follower request with correlation id 5 from controller 1 epoch 6 with leader 2 (state.change.logger)
[2019-03-17 12:06:49,937] TRACE [Broker id=1] Started fetcher to new leader as part of become-follower request from controller 1 epoch 6 with correlation id 5 for partition test4-0 with leader 2 (state.change.logger)
[2019-03-17 12:06:49,937] TRACE [Broker id=1] Started fetcher to new leader as part of become-follower request from controller 1 epoch 6 with correlation id 5 for partition test4-2 with leader 2 (state.change.logger)
[2019-03-17 12:06:49,937] TRACE [Broker id=1] Started fetcher to new leader as part of become-follower request from controller 1 epoch 6 with correlation id 5 for partition test3-0 with leader 2 (state.change.logger)
[2019-03-17 12:06:49,937] TRACE [Broker id=1] Started fetcher to new leader as part of become-follower request from controller 1 epoch 6 with correlation id 5 for partition test4-1 with leader 2 (state.change.logger)
[2019-03-17 12:06:49,937] TRACE [Broker id=1] Completed LeaderAndIsr request correlationId 5 from controller 1 epoch 6 for the become-follower transition for partition test4-0 with leader 2 (state.change.logger)
[2019-03-17 12:06:49,937] TRACE [Broker id=1] Completed LeaderAndIsr request correlationId 5 from controller 1 epoch 6 for the become-follower transition for partition test3-0 with leader 2 (state.change.logger)
[2019-03-17 12:06:49,937] TRACE [Broker id=1] Completed LeaderAndIsr request correlationId 5 from controller 1 epoch 6 for the become-follower transition for partition test4-1 with leader 2 (state.change.logger)
[2019-03-17 12:06:49,937] TRACE [Broker id=1] Completed LeaderAndIsr request correlationId 5 from controller 1 epoch 6 for the become-follower transition for partition test4-2 with leader 2 (state.change.logger)
[2019-03-17 12:06:49,938] TRACE [Controller id=1 epoch=6] Received response {error_code=0,partitions=[{topic=test3,partition=0,error_code=0},{topic=test4,partition=1,error_code=0},{topic=test4,partition=0,error_code=0},{topic=test4,partition=2,error_code=0}]} for request LEADER_AND_ISR with correlation id 5 sent to broker bdata1:9092 (id: 1 rack: null) (state.change.logger)
[2019-03-17 12:06:49,941] TRACE [Broker id=1] Cached leader info PartitionState(controllerEpoch=6, leader=2, leaderEpoch=5, isr=[2], zkVersion=6, replicas=[2, 3, 1], offlineReplicas=[3]) for partition test4-1 in response to UpdateMetadata request sent by controller 1 epoch 6 with correlation id 6 (state.change.logger)
[2019-03-17 12:06:49,941] TRACE [Broker id=1] Cached leader info PartitionState(controllerEpoch=6, leader=2, leaderEpoch=3, isr=[2], zkVersion=3, replicas=[3, 2, 1], offlineReplicas=[3]) for partition test3-0 in response to UpdateMetadata request sent by controller 1 epoch 6 with correlation id 6 (state.change.logger)
[2019-03-17 12:06:49,941] TRACE [Broker id=1] Cached leader info PartitionState(controllerEpoch=6, leader=2, leaderEpoch=3, isr=[2], zkVersion=3, replicas=[1, 2, 3], offlineReplicas=[3]) for partition test4-0 in response to UpdateMetadata request sent by controller 1 epoch 6 with correlation id 6 (state.change.logger)
[2019-03-17 12:06:49,941] TRACE [Broker id=1] Cached leader info PartitionState(controllerEpoch=6, leader=2, leaderEpoch=2, isr=[2], zkVersion=2, replicas=[2], offlineReplicas=[]) for partition test1-0 in response to UpdateMetadata request sent by controller 1 epoch 6 with correlation id 6 (state.change.logger)
[2019-03-17 12:06:49,941] TRACE [Broker id=1] Cached leader info PartitionState(controllerEpoch=6, leader=2, leaderEpoch=3, isr=[2], zkVersion=3, replicas=[3, 1, 2], offlineReplicas=[3]) for partition test4-2 in response to UpdateMetadata request sent by controller 1 epoch 6 with correlation id 6 (state.change.logger)
[2019-03-17 12:06:49,941] TRACE [Broker id=1] Cached leader info PartitionState(controllerEpoch=6, leader=2, leaderEpoch=2, isr=[2], zkVersion=2, replicas=[2], offlineReplicas=[]) for partition test2-2 in response to UpdateMetadata request sent by controller 1 epoch 6 with correlation id 6 (state.change.logger)
[2019-03-17 12:06:49,944] TRACE [Controller id=1 epoch=6] Received response {error_code=0} for request UPDATE_METADATA with correlation id 6 sent to broker bdata1:9092 (id: 1 rack: null) (state.change.logger)
[2019-03-17 12:06:53,536] TRACE [Controller id=1 epoch=6] Received response {error_code=0} for request UPDATE_METADATA with correlation id 0 sent to broker bdata2:9092 (id: 2 rack: null) (state.change.logger)
[2019-03-17 12:06:54,057] TRACE [Controller id=1 epoch=6] Received response {error_code=0,partitions=[{topic=test3,partition=0,error_code=0},{topic=test4,partition=1,error_code=0},{topic=test4,partition=0,error_code=0},{topic=test1,partition=0,error_code=0},{topic=test4,partition=2,error_code=0},{topic=test2,partition=2,error_code=0}]} for request LEADER_AND_ISR with correlation id 1 sent to broker bdata2:9092 (id: 2 rack: null) (state.change.logger)
[2019-03-17 12:06:54,061] TRACE [Controller id=1 epoch=6] Received response {error_code=0} for request UPDATE_METADATA with correlation id 2 sent to broker bdata2:9092 (id: 2 rack: null) (state.change.logger)
[2019-03-17 12:06:54,136] TRACE [Controller id=1 epoch=6] Received response {error_code=0,partitions=[{topic=test3,partition=0,error_code=0},{topic=test4,partition=1,error_code=0},{topic=test4,partition=0,error_code=0},{topic=test1,partition=0,error_code=0},{topic=test4,partition=2,error_code=0},{topic=test2,partition=2,error_code=0}]} for request LEADER_AND_ISR with correlation id 3 sent to broker bdata2:9092 (id: 2 rack: null) (state.change.logger)
[2019-03-17 12:06:54,142] TRACE [Controller id=1 epoch=6] Received response {error_code=0} for request UPDATE_METADATA with correlation id 4 sent to broker bdata2:9092 (id: 2 rack: null) (state.change.logger)
[2019-03-17 12:07:00,325] TRACE [Controller id=1 epoch=6] Sending UpdateMetadata request PartitionState(controllerEpoch=6, leader=2, leaderEpoch=3, isr=[2, 1], zkVersion=4, replicas=[1, 2, 3], offlineReplicas=[3]) to brokers Set(1, 2) for partition test4-0 (state.change.logger)
[2019-03-17 12:07:00,325] TRACE [Controller id=1 epoch=6] Sending UpdateMetadata request PartitionState(controllerEpoch=6, leader=2, leaderEpoch=3, isr=[2, 1], zkVersion=4, replicas=[3, 1, 2], offlineReplicas=[3]) to brokers Set(1, 2) for partition test4-2 (state.change.logger)
[2019-03-17 12:07:00,325] TRACE [Controller id=1 epoch=6] Sending UpdateMetadata request PartitionState(controllerEpoch=6, leader=2, leaderEpoch=3, isr=[2, 1], zkVersion=4, replicas=[3, 2, 1], offlineReplicas=[3]) to brokers Set(1, 2) for partition test3-0 (state.change.logger)
[2019-03-17 12:07:00,326] TRACE [Controller id=1 epoch=6] Sending UpdateMetadata request PartitionState(controllerEpoch=6, leader=2, leaderEpoch=5, isr=[2, 1], zkVersion=7, replicas=[2, 3, 1], offlineReplicas=[3]) to brokers Set(1, 2) for partition test4-1 (state.change.logger)
[2019-03-17 12:07:00,327] TRACE [Broker id=1] Cached leader info PartitionState(controllerEpoch=6, leader=2, leaderEpoch=3, isr=[2, 1], zkVersion=4, replicas=[3, 2, 1], offlineReplicas=[3]) for partition test3-0 in response to UpdateMetadata request sent by controller 1 epoch 6 with correlation id 7 (state.change.logger)
[2019-03-17 12:07:00,328] TRACE [Broker id=1] Cached leader info PartitionState(controllerEpoch=6, leader=2, leaderEpoch=5, isr=[2, 1], zkVersion=7, replicas=[2, 3, 1], offlineReplicas=[3]) for partition test4-1 in response to UpdateMetadata request sent by controller 1 epoch 6 with correlation id 7 (state.change.logger)
[2019-03-17 12:07:00,328] TRACE [Broker id=1] Cached leader info PartitionState(controllerEpoch=6, leader=2, leaderEpoch=3, isr=[2, 1], zkVersion=4, replicas=[1, 2, 3], offlineReplicas=[3]) for partition test4-0 in response to UpdateMetadata request sent by controller 1 epoch 6 with correlation id 7 (state.change.logger)
[2019-03-17 12:07:00,328] TRACE [Broker id=1] Cached leader info PartitionState(controllerEpoch=6, leader=2, leaderEpoch=3, isr=[2, 1], zkVersion=4, replicas=[3, 1, 2], offlineReplicas=[3]) for partition test4-2 in response to UpdateMetadata request sent by controller 1 epoch 6 with correlation id 7 (state.change.logger)
[2019-03-17 12:07:00,335] TRACE [Controller id=1 epoch=6] Received response {error_code=0} for request UPDATE_METADATA with correlation id 5 sent to broker bdata2:9092 (id: 2 rack: null) (state.change.logger)
[2019-03-17 12:07:00,335] TRACE [Controller id=1 epoch=6] Received response {error_code=0} for request UPDATE_METADATA with correlation id 7 sent to broker bdata1:9092 (id: 1 rack: null) (state.change.logger)
[2019-03-17 12:07:52,986] TRACE [Controller id=1 epoch=6] Changed partition test4-0 from OnlinePartition to OnlinePartition with state LeaderAndIsr(leader=1, leaderEpoch=4, isr=List(2, 1), zkVersion=5) (state.change.logger)
[2019-03-17 12:07:52,986] TRACE [Controller id=1 epoch=6] Sending become-follower LeaderAndIsr request PartitionState(controllerEpoch=6, leader=1, leaderEpoch=4, isr=2,1, zkVersion=5, replicas=1,2,3, isNew=false) to broker 2 for partition test4-0 (state.change.logger)
[2019-03-17 12:07:52,986] TRACE [Controller id=1 epoch=6] Sending become-leader LeaderAndIsr request PartitionState(controllerEpoch=6, leader=1, leaderEpoch=4, isr=2,1, zkVersion=5, replicas=1,2,3, isNew=false) to broker 1 for partition test4-0 (state.change.logger)
[2019-03-17 12:07:52,986] TRACE [Controller id=1 epoch=6] Sending become-follower LeaderAndIsr request PartitionState(controllerEpoch=6, leader=1, leaderEpoch=4, isr=2,1, zkVersion=5, replicas=1,2,3, isNew=false) to broker 3 for partition test4-0 (state.change.logger)
[2019-03-17 12:07:52,987] TRACE [Controller id=1 epoch=6] Sending UpdateMetadata request PartitionState(controllerEpoch=6, leader=1, leaderEpoch=4, isr=[2, 1], zkVersion=5, replicas=[1, 2, 3], offlineReplicas=[3]) to brokers Set(1, 2) for partition test4-0 (state.change.logger)
[2019-03-17 12:07:52,989] TRACE [Broker id=1] Received LeaderAndIsr request PartitionState(controllerEpoch=6, leader=1, leaderEpoch=4, isr=2,1, zkVersion=5, replicas=1,2,3, isNew=false) correlation id 8 from controller 1 epoch 6 for partition test4-0 (state.change.logger)
[2019-03-17 12:07:52,989] TRACE [Broker id=1] Handling LeaderAndIsr request correlationId 8 from controller 1 epoch 6 starting the become-leader transition for partition test4-0 (state.change.logger)
[2019-03-17 12:07:53,065] TRACE [Broker id=1] Stopped fetchers as part of become-leader request from controller 1 epoch 6 with correlation id 8 for partition test4-0 (last update controller epoch 6) (state.change.logger)
[2019-03-17 12:07:53,066] TRACE [Broker id=1] Completed LeaderAndIsr request correlationId 8 from controller 1 epoch 6 for the become-leader transition for partition test4-0 (state.change.logger)
[2019-03-17 12:07:53,067] TRACE [Controller id=1 epoch=6] Received response {error_code=0,partitions=[{topic=test4,partition=0,error_code=0}]} for request LEADER_AND_ISR with correlation id 8 sent to broker bdata1:9092 (id: 1 rack: null) (state.change.logger)
[2019-03-17 12:07:53,068] TRACE [Broker id=1] Cached leader info PartitionState(controllerEpoch=6, leader=1, leaderEpoch=4, isr=[2, 1], zkVersion=5, replicas=[1, 2, 3], offlineReplicas=[3]) for partition test4-0 in response to UpdateMetadata request sent by controller 1 epoch 6 with correlation id 9 (state.change.logger)
[2019-03-17 12:07:53,069] TRACE [Controller id=1 epoch=6] Received response {error_code=0} for request UPDATE_METADATA with correlation id 9 sent to broker bdata1:9092 (id: 1 rack: null) (state.change.logger)
[2019-03-17 12:07:53,117] TRACE [Controller id=1 epoch=6] Received response {error_code=0,partitions=[{topic=test4,partition=0,error_code=0}]} for request LEADER_AND_ISR with correlation id 6 sent to broker bdata2:9092 (id: 2 rack: null) (state.change.logger)
[2019-03-17 12:07:53,119] TRACE [Controller id=1 epoch=6] Received response {error_code=0} for request UPDATE_METADATA with correlation id 7 sent to broker bdata2:9092 (id: 2 rack: null) (state.change.logger)
