2019-03-16 20:23:17.856 o.a.s.s.o.a.c.u.Compatibility main [INFO] Running in ZooKeeper 3.4.x compatibility mode
2019-03-16 20:23:18.028 o.a.s.z.Zookeeper main [INFO] Staring ZK Curator
2019-03-16 20:23:18.028 o.a.s.s.o.a.c.f.i.CuratorFrameworkImpl main [INFO] Starting
2019-03-16 20:23:18.032 o.a.s.s.o.a.z.ZooKeeper main [INFO] Client environment:zookeeper.version=3.4.6-1569965, built on 02/20/2014 09:09 GMT
2019-03-16 20:23:18.032 o.a.s.s.o.a.z.ZooKeeper main [INFO] Client environment:host.name=localhost
2019-03-16 20:23:18.032 o.a.s.s.o.a.z.ZooKeeper main [INFO] Client environment:java.version=1.8.0_201
2019-03-16 20:23:18.032 o.a.s.s.o.a.z.ZooKeeper main [INFO] Client environment:java.vendor=Oracle Corporation
2019-03-16 20:23:18.032 o.a.s.s.o.a.z.ZooKeeper main [INFO] Client environment:java.home=/usr/local/jdk/jre
2019-03-16 20:23:18.032 o.a.s.s.o.a.z.ZooKeeper main [INFO] Client environment:java.class.path=/data/bdata/storm/*:/data/bdata/storm/lib/gmetric4j-1.0.7.jar:/data/bdata/storm/lib/metrics-ganglia-3.1.0.jar:/data/bdata/storm/lib/minlog-1.3.0.jar:/data/bdata/storm/lib/metrics-graphite-3.1.0.jar:/data/bdata/storm/lib/metrics-core-3.1.0.jar:/data/bdata/storm/lib/objenesis-2.1.jar:/data/bdata/storm/lib/ring-cors-0.1.5.jar:/data/bdata/storm/lib/log4j-api-2.8.2.jar:/data/bdata/storm/lib/storm-rename-hack-1.2.2.jar:/data/bdata/storm/lib/log4j-over-slf4j-1.6.6.jar:/data/bdata/storm/lib/disruptor-3.3.2.jar:/data/bdata/storm/lib/slf4j-api-1.7.21.jar:/data/bdata/storm/lib/storm-core-1.2.2.jar:/data/bdata/storm/lib/asm-5.0.3.jar:/data/bdata/storm/lib/servlet-api-2.5.jar:/data/bdata/storm/lib/kryo-3.0.3.jar:/data/bdata/storm/lib/reflectasm-1.10.1.jar:/data/bdata/storm/lib/log4j-slf4j-impl-2.8.2.jar:/data/bdata/storm/lib/clojure-1.7.0.jar:/data/bdata/storm/lib/log4j-core-2.8.2.jar:/data/bdata/storm/extlib/*:/data/bdata/storm/extlib-daemon/*:/data/bdata/storm/conf
2019-03-16 20:23:18.033 o.a.s.s.o.a.z.ZooKeeper main [INFO] Client environment:java.library.path=/usr/local/lib:/opt/local/lib:/usr/lib
2019-03-16 20:23:18.033 o.a.s.s.o.a.z.ZooKeeper main [INFO] Client environment:java.io.tmpdir=/tmp
2019-03-16 20:23:18.033 o.a.s.s.o.a.z.ZooKeeper main [INFO] Client environment:java.compiler=<NA>
2019-03-16 20:23:18.033 o.a.s.s.o.a.z.ZooKeeper main [INFO] Client environment:os.name=Linux
2019-03-16 20:23:18.033 o.a.s.s.o.a.z.ZooKeeper main [INFO] Client environment:os.arch=amd64
2019-03-16 20:23:18.033 o.a.s.s.o.a.z.ZooKeeper main [INFO] Client environment:os.version=3.10.0-693.5.2.el7.x86_64
2019-03-16 20:23:18.033 o.a.s.s.o.a.z.ZooKeeper main [INFO] Client environment:user.name=root
2019-03-16 20:23:18.033 o.a.s.s.o.a.z.ZooKeeper main [INFO] Client environment:user.home=/root
2019-03-16 20:23:18.033 o.a.s.s.o.a.z.ZooKeeper main [INFO] Client environment:user.dir=/data/bdata/storm
2019-03-16 20:23:18.034 o.a.s.s.o.a.z.ZooKeeper main [INFO] Initiating client connection, connectString=bdata1:2181,bdata2:2181,bdata3:2181 sessionTimeout=20000 watcher=org.apache.storm.shade.org.apache.curator.ConnectionState@2a32fb6
2019-03-16 20:23:18.166 o.a.s.s.o.a.z.ClientCnxn main-SendThread(bdata2:2181) [INFO] Opening socket connection to server bdata2/192.168.1.103:2181. Will not attempt to authenticate using SASL (unknown error)
2019-03-16 20:23:18.168 o.a.s.s.o.a.c.f.i.CuratorFrameworkImpl main [INFO] Default schema
2019-03-16 20:23:18.287 o.a.s.s.o.a.z.ClientCnxn main-SendThread(bdata2:2181) [INFO] Socket connection established to bdata2/192.168.1.103:2181, initiating session
2019-03-16 20:23:18.341 o.a.s.s.o.a.z.ClientCnxn main-SendThread(bdata2:2181) [INFO] Session establishment complete on server bdata2/192.168.1.103:2181, sessionid = 0x20000c15f0d0008, negotiated timeout = 20000
2019-03-16 20:23:18.348 o.a.s.s.o.a.c.f.s.ConnectionStateManager main-EventThread [INFO] State change: CONNECTED
2019-03-16 20:23:18.414 o.a.s.s.o.a.c.f.i.CuratorFrameworkImpl Curator-Framework-0 [INFO] backgroundOperationsLoop exiting
2019-03-16 20:23:18.479 o.a.s.s.o.a.z.ZooKeeper main [INFO] Session: 0x20000c15f0d0008 closed
2019-03-16 20:23:18.480 o.a.s.z.Zookeeper main [INFO] Staring ZK Curator
2019-03-16 20:23:18.480 o.a.s.s.o.a.c.f.i.CuratorFrameworkImpl main [INFO] Starting
2019-03-16 20:23:18.480 o.a.s.s.o.a.z.ClientCnxn main-EventThread [INFO] EventThread shut down
2019-03-16 20:23:18.494 o.a.s.s.o.a.z.ZooKeeper main [INFO] Initiating client connection, connectString=bdata1:2181,bdata2:2181,bdata3:2181/storm sessionTimeout=20000 watcher=org.apache.storm.shade.org.apache.curator.ConnectionState@148c7c4b
2019-03-16 20:23:18.516 o.a.s.s.o.a.c.f.i.CuratorFrameworkImpl main [INFO] Default schema
2019-03-16 20:23:18.534 o.a.s.s.o.a.z.ClientCnxn main-SendThread(bdata3:2181) [INFO] Opening socket connection to server bdata3/192.168.1.105:2181. Will not attempt to authenticate using SASL (unknown error)
2019-03-16 20:23:18.536 o.a.s.s.o.a.z.ClientCnxn main-SendThread(bdata3:2181) [INFO] Socket connection established to bdata3/192.168.1.105:2181, initiating session
2019-03-16 20:23:18.579 o.a.s.s.o.a.z.ClientCnxn main-SendThread(bdata3:2181) [INFO] Session establishment complete on server bdata3/192.168.1.105:2181, sessionid = 0x30000b932880006, negotiated timeout = 20000
2019-03-16 20:23:18.581 o.a.s.s.o.a.c.f.s.ConnectionStateManager main-EventThread [INFO] State change: CONNECTED
2019-03-16 20:23:18.691 o.a.s.l.Localizer main [INFO] Reconstruct localized resource: /data/bdata/storm/storm-local/supervisor/usercache
2019-03-16 20:23:18.693 o.a.s.l.Localizer main [WARN] No left over resources found for any user during reconstructing of local resources at: /data/bdata/storm/storm-local/supervisor/usercache
2019-03-16 20:23:18.700 o.a.s.d.s.Supervisor main [INFO] Starting supervisor for storm version '1.2.2'.
2019-03-16 20:23:18.700 o.a.s.d.s.Supervisor main [INFO] Starting Supervisor with conf {storm.messaging.netty.min_wait_ms=100, storm.zookeeper.auth.user=null, storm.messaging.netty.buffer_size=5242880, storm.exhibitor.port=8080, pacemaker.auth.method=NONE, ui.filter=null, worker.profiler.enabled=false, ui.http.creds.plugin=org.apache.storm.security.auth.DefaultHttpCredentialsPlugin, topology.bolts.outgoing.overflow.buffer.enable=false, supervisor.supervisors.commands=[], logviewer.cleanup.age.mins=10080, topology.tuple.serializer=org.apache.storm.serialization.types.ListDelegateSerializer, drpc.port=3772, topology.max.spout.pending=null, topology.transfer.buffer.size=1024, logviewer.port=8000, worker.childopts=-Xmx%HEAP-MEM%m -XX:+PrintGCDetails -Xloggc:artifacts/gc.log -XX:+PrintGCDateStamps -XX:+PrintGCTimeStamps -XX:+UseGCLogFileRotation -XX:NumberOfGCLogFiles=10 -XX:GCLogFileSize=1M -XX:+HeapDumpOnOutOfMemoryError -XX:HeapDumpPath=artifacts/heapdump, topology.component.cpu.pcore.percent=10.0, storm.daemon.metrics.reporter.plugins=[org.apache.storm.daemon.metrics.reporters.JmxPreparableReporter], drpc.childopts=-Xmx768m, nimbus.task.launch.secs=120, logviewer.childopts=-Xmx128m, storm.zookeeper.servers=[bdata1, bdata2, bdata3], topology.disruptor.batch.timeout.millis=1, storm.messaging.transport=org.apache.storm.messaging.netty.Context, storm.messaging.netty.authentication=false, topology.kryo.factory=org.apache.storm.serialization.DefaultKryoFactory, worker.heap.memory.mb=768, storm.network.topography.plugin=org.apache.storm.networktopography.DefaultRackDNSToSwitchMapping, supervisor.slots.ports=[6700, 6701, 6702, 6703], resource.aware.scheduler.eviction.strategy=org.apache.storm.scheduler.resource.strategies.eviction.DefaultEvictionStrategy, topology.stats.sample.rate=0.05, storm.local.dir=storm-local, pacemaker.host=localhost, storm.messaging.netty.max_retries=300, topology.testing.always.try.serialize=false, storm.principal.tolocal=org.apache.storm.security.auth.DefaultPrincipalToLocal, java.library.path=/usr/local/lib:/opt/local/lib:/usr/lib, worker.gc.childopts=, storm.group.mapping.service.cache.duration.secs=120, zmq.linger.millis=5000, topology.multilang.serializer=org.apache.storm.multilang.JsonSerializer, drpc.request.timeout.secs=600, zmq.threads=1, nimbus.blobstore.class=org.apache.storm.blobstore.LocalFsBlobStore, topology.state.synchronization.timeout.secs=