2019-03-18 13:55:07.524 o.a.s.u.core main [INFO] Starting ui server for storm version '1.2.2'
2019-03-18 13:55:07.531 o.a.s.d.m.MetricsUtils main [INFO] Using statistics reporter plugin:org.apache.storm.daemon.metrics.reporters.JmxPreparableReporter
2019-03-18 13:55:07.531 o.a.s.d.m.r.JmxPreparableReporter main [INFO] Preparing...
2019-03-18 13:55:07.823 o.a.s.d.common main [INFO] Started statistics report plugin...
2019-03-18 13:55:07.869 o.a.s.s.o.e.j.s.Server main [INFO] jetty-7.x.y-SNAPSHOT
2019-03-18 13:55:07.887 o.a.s.s.o.e.j.s.h.ContextHandler main [INFO] started o.a.s.s.o.e.j.s.ServletContextHandler{/,null}
2019-03-18 13:55:07.932 o.a.s.s.o.e.j.s.AbstractConnector main [INFO] Started SelectChannelConnector@0.0.0.0:8080
2019-03-18 13:55:15.029 o.a.s.u.NimbusClient qtp914293025-19 [INFO] Found leader nimbus : localhost:6627
2019-03-18 13:55:15.110 o.a.s.u.NimbusClient qtp914293025-21 [INFO] Found leader nimbus : localhost:6627
2019-03-18 13:55:15.112 o.a.s.u.NimbusClient qtp914293025-17 [INFO] Found leader nimbus : localhost:6627
2019-03-18 13:55:15.113 o.a.s.u.NimbusClient qtp914293025-18 [INFO] Found leader nimbus : localhost:6627
2019-03-18 13:55:15.113 o.a.s.u.NimbusClient qtp914293025-16 [INFO] Found leader nimbus : localhost:6627
2019-03-18 14:00:56.718 o.a.s.u.NimbusClient qtp914293025-20 [INFO] Found leader nimbus : localhost:6627
2019-03-18 14:00:56.769 o.a.s.u.NimbusClient qtp914293025-19 [INFO] Found leader nimbus : localhost:6627
2019-03-18 14:00:56.775 o.a.s.u.NimbusClient qtp914293025-18 [INFO] Found leader nimbus : localhost:6627
2019-03-18 14:00:56.788 o.a.s.u.NimbusClient qtp914293025-21 [INFO] Found leader nimbus : localhost:6627
2019-03-18 14:00:56.788 o.a.s.u.NimbusClient qtp914293025-16 [INFO] Found leader nimbus : localhost:6627
2019-03-18 14:02:55.269 o.a.s.u.NimbusClient qtp914293025-18 [INFO] Found leader nimbus : localhost:6627
2019-03-18 14:02:55.308 o.a.s.u.NimbusClient qtp914293025-19 [INFO] Found leader nimbus : localhost:6627
2019-03-18 14:02:55.308 o.a.s.u.NimbusClient qtp914293025-17 [INFO] Found leader nimbus : localhost:6627
2019-03-18 14:02:55.311 o.a.s.u.NimbusClient qtp914293025-20 [INFO] Found leader nimbus : localhost:6627
2019-03-18 14:02:55.313 o.a.s.u.NimbusClient qtp914293025-16 [INFO] Found leader nimbus : localhost:6627
2019-03-18 14:03:04.065 o.a.s.u.NimbusClient qtp914293025-18 [INFO] Found leader nimbus : localhost:6627
2019-03-18 14:03:04.112 o.a.s.u.NimbusClient qtp914293025-16 [INFO] Found leader nimbus : localhost:6627
2019-03-18 14:03:04.113 o.a.s.u.NimbusClient qtp914293025-17 [INFO] Found leader nimbus : localhost:6627
2019-03-18 14:03:04.115 o.a.s.u.NimbusClient qtp914293025-19 [INFO] Found leader nimbus : localhost:6627
2019-03-18 14:03:04.118 o.a.s.u.NimbusClient qtp914293025-20 [INFO] Found leader nimbus : localhost:6627
2019-03-18 14:03:48.384 o.a.s.u.StormBoundedExponentialBackoffRetry qtp914293025-19 [WARN] WILL SLEEP FOR 2001ms (NOT MAX)
2019-03-18 14:03:50.391 o.a.s.u.StormBoundedExponentialBackoffRetry qtp914293025-19 [WARN] WILL SLEEP FOR 2002ms (NOT MAX)
2019-03-18 14:03:52.394 o.a.s.u.StormBoundedExponentialBackoffRetry qtp914293025-19 [WARN] WILL SLEEP FOR 2006ms (NOT MAX)
2019-03-18 14:03:54.401 o.a.s.u.StormBoundedExponentialBackoffRetry qtp914293025-19 [WARN] WILL SLEEP FOR 2010ms (NOT MAX)
2019-03-18 14:03:56.412 o.a.s.u.StormBoundedExponentialBackoffRetry qtp914293025-19 [WARN] WILL SLEEP FOR 2024ms (NOT MAX)
2019-03-18 14:03:58.437 o.a.s.u.NimbusClient qtp914293025-19 [WARN] Ignoring exception while trying to get leader nimbus info from bdata1. will retry with a different seed host.
java.lang.RuntimeException: java.lang.RuntimeException: org.apache.storm.thrift.transport.TTransportException: java.net.ConnectException: Connection refused (Connection refused)
	at org.apache.storm.security.auth.ThriftClient.reconnect(ThriftClient.java:112) ~[storm-core-1.2.2.jar:1.2.2]
	at org.apache.storm.security.auth.ThriftClient.<init>(ThriftClient.java:73) ~[storm-core-1.2.2.jar:1.2.2]
	at org.apache.storm.utils.NimbusClient.<init>(NimbusClient.java:136) ~[storm-core-1.2.2.jar:1.2.2]
	at org.apache.storm.utils.NimbusClient.getConfiguredClientAs(NimbusClient.java:92) ~[storm-core-1.2.2.jar:1.2.2]
	at org.apache.storm.utils.NimbusClient.getConfiguredClientAs(NimbusClient.java:66) ~[storm-core-1.2.2.jar:1.2.2]
	at org.apache.storm.ui.core$cluster_configuration.invoke(core.clj:342) ~[storm-core-1.2.2.jar:1.2.2]
	at org.apache.storm.ui.core$fn__8428.invoke(core.clj:1106) ~[storm-core-1.2.2.jar:1.2.2]
	at org.apache.storm.shade.compojure.core$make_route$fn__3195.invoke(core.clj:100) ~[storm-core-1.2.2.jar:1.2.2]
	at org.apache.storm.shade.compojure.core$if_route$fn__3183.invoke(core.clj:46) ~[storm-core-1.2.2.jar:1.2.2]
	at org.apache.storm.shade.compojure.core$if_method$fn__3176.invoke(core.clj:31) ~[storm-core-1.2.2.jar:1.2.2]
	at org.apache.storm.shade.compojure.core$routing$fn__3201.invoke(core.clj:113) ~[storm-core-1.2.2.jar:1.2.2]
	at clojure.core$some.invoke(core.clj:2570) ~[clojure-1.7.0.jar:?]
	at org.apache.storm.shade.compojure.core$routing.doInvoke(core.clj:113) ~[storm-core-1.2.2.jar:1.2.2]
	at clojure.lang.RestFn.applyTo(RestFn.java:139) ~[clojure-1.7.0.jar:?]
	at clojure.core$apply.invoke(core.clj:632) ~[clojure-1.7.0.jar:?]
	at org.apache.storm.shade.compojure.core$routes$fn__3205.invoke(core.clj:118) ~[storm-core-1.2.2.jar:1.2.2]
	at org.apache.storm.shade.ring.middleware.cors$wrap_cors$fn__7765.invoke(cors.clj:149) ~[storm-core-1.2.2.jar:1.2.2]
	at org.apache.storm.shade.ring.middleware.json$wrap_json_params$fn__7712.invoke(json.clj:56) ~[storm-core-1.2.2.jar:1.2.2]
	at org.apache.storm.shade.ring.middleware.multipart_params$wrap_multipart_params$fn__4416.invoke(multipart_params.clj:118) ~[storm-core-1.2.2.jar:1.2.2]
	at org.apache.storm.shade.ring.middleware.reload$wrap_reload$fn__7241.invoke(reload.clj:22) ~[storm-core-1.2.2.jar:1.2.2]
	at org.apache.storm.ui.helpers$requests_middleware$fn__4669.invoke(helpers.clj:52) ~[storm-core-1.2.2.jar:1.2.2]
	at org.apache.storm.ui.core$catch_errors$fn__8632.invoke(core.clj:1428) ~[storm-core-1.2.2.jar:1.2.2]
	at org.apache.storm.shade.ring.middleware.keyword_params$wrap_keyword_params$fn__4336.invoke(keyword_params.clj:35) ~[storm-core-1.2.2.jar:1.2.2]
	at org.apache.storm.shade.ring.middleware.nested_params$wrap_nested_params$fn__4379.invoke(nested_params.clj:84) ~[storm-core-1.2.2.jar:1.2.2]
	at org.apache.storm.shade.ring.middleware.params$wrap_params$fn__4308.invoke(params.clj:64) ~[storm-core-1.2.2.jar:1.2.2]
	at org.apache.storm.shade.ring.middleware.multipart_params$wrap_multipart_params$fn__4416.invoke(multipart_params.clj:118) ~[storm-core-1.2.2.jar:1.2.2]
	at org.apache.storm.shade.ring.middleware.flash$wrap_flash$fn__4631.invoke(flash.clj:35) ~[storm-core-1.2.2.jar:1.2.2]
	at org.apache.storm.shade.ring.middleware.session$wrap_session$fn__4617.invoke(session.clj:98) ~[storm-core-1.2.2.jar:1.2.2]
	at org.apache.storm.shade.ring.util.servlet$make_service_method$fn__4166.invoke(servlet.clj:127) ~[storm-core-1.2.2.jar:1.2.2]
	at org.apache.storm.shade.ring.util.servlet$servlet$fn__4170.invoke(servlet.clj:136) ~[storm-core-1.2.2.jar:1.2.2]
	at org.apache.storm.shade.ring.util.servlet.proxy$javax.servlet.http.HttpServlet$ff19274a.service(Unknown Source) ~[storm-core-1.2.2.jar:1.2.2]
	at org.apache.storm.shade.org.eclipse.jetty.servlet.ServletHolder.handle(ServletHolder.java:654) ~[storm-core-1.2.2.jar:1.2.2]
	at org.apache.storm.shade.org.eclipse.jetty.servlet.ServletHandler$CachedChain.doFilter(ServletHandler.java:1320) ~[storm-core-1.2.2.jar:1.2.2]
	at org.apache.storm.logging.filters.AccessLoggingFilter.handle(AccessLoggingFilter.java:47) ~[storm-core-1.2.2.jar:1.2.2]
	at org.apache.storm.logging.filters.AccessLoggingFilter.doFilter(AccessLoggingFilter.java:39) ~[storm-core-1.2.2.jar:1.2.2]
	at org.apache.storm.shade.org.eclipse.jetty.servlet.ServletHandler$CachedChain.doFilter(ServletHandler.java:1291) ~[storm-core-1.2.2.jar:1.2.2]
	at sun.reflect.GeneratedMethodAccessor20.invoke(Unknown Source) ~[?:?]
	at sun.reflect.DelegatingMethodAccessorImpl.invoke(DelegatingMethodAccessorImpl.java:43) ~[?:1.8.0_201]
	at java.lang.reflect.Method.invoke(Method.java:498) ~[?:1.8.0_201]
	at clojure.lang.Reflector.invokeMatchingMethod(Reflector.java:93) ~[clojure-1.7.0.jar:?]
	at clojure.lang.Reflector.invokeInstanceMethod(Reflector.java:28) ~[clojure-1.7.0.jar:?]
	at org.apache.storm.ui.helpers$x_frame_options_filter_handler$fn__4762.invoke(helpers.clj:192) ~[storm-core-1.2.2.jar:1.2.2]
	at org.apache.storm.ui.helpers.proxy$java.lang.Object$Filter$abec9a8f.doFilter(Unknown Source) ~[storm-core-1.2.2.jar:1.2.2]
	at org.apache.storm.shade.org.eclipse.jetty.servlet.ServletHandler$CachedChain.doFilter(ServletHandler.java:1291) ~[storm-core-1.2.2.jar:1.2.2]
	at org.apache.storm.shade.org.eclipse.jetty.servlets.CrossOriginFilter.handle(CrossOriginFilter.java:247) ~[storm-core-1.2.2.jar:1.2.2]
	at org.apache.storm.shade.org.eclipse.jetty.servlets.CrossOriginFilter.doFilter(CrossOriginFilter.java:210) ~[storm-core-1.2.2.jar:1.2.2]
	at org.apache.storm.shade.org.eclipse.jetty.servlet.ServletHandler$CachedChain.doFilter(ServletHandler.java:1291) ~[storm-core-1.2.2.jar:1.2.2]
	at org.apache.storm.shade.org.eclipse.jetty.servlet.ServletHandler.doHandle(ServletHandler.java:443) ~[storm-core-1.2.2.jar:1.2.2]
	at org.apache.storm.shade.org.eclipse.jetty.server.handler.ContextHandler.doHandle(ContextHandler.java:1044) ~[storm-core-1.2.2.jar:1.2.2]
	at org.apache.storm.shade.org.eclipse.jetty.servlet.ServletHandler.doScope(ServletHandler.java:372) ~[storm-core-1.2.2.jar:1.2.2]
	at org.apache.storm.shade.org.eclipse.jetty.server.handler.ContextHandler.doScope(ContextHandler.java:978) ~[storm-core-1.2.2.jar:1.2.2]
	at org.apache.storm.shade.org.eclipse.jetty.server.handler.ScopedHandler.handle(ScopedHandler.java:135) ~[storm-core-1.2.2.jar:1.2.2]
	at org.apache.storm.shade.org.eclipse.jetty.server.handler.HandlerWrapper.handle(HandlerWrapper.java:116) ~[storm-core-1.2.2.jar:1.2.2]
	at org.apache.storm.shade.org.eclipse.jetty.server.Server.handle(Server.java:369) ~[storm-core-1.2.2.jar:1.2.2]
	at org.apache.storm.shade.org.eclipse.jetty.server.AbstractHttpConnection.handleRequest(AbstractHttpConnection.java:486) ~[storm-core-1.2.2.jar:1.2.2]
	at org.apache.storm.shade.org.eclipse.jetty.server.AbstractHttpConnection.headerComplete(AbstractHttpConnection.java:933) ~[storm-core-1.2.2.jar:1.2.2]
	at org.apache.storm.shade.org.eclipse.jetty.server.AbstractHttpConnection$RequestHandler.headerComplete(AbstractHttpConnection.java:995) ~[storm-core-1.2.2.jar:1.2.2]
	at org.apache.storm.shade.org.eclipse.jetty.http.HttpParser.parseNext(HttpParser.java:644) ~[storm-core-1.2.2.jar:1.2.2]
	at org.apache.storm.shade.org.eclipse.jetty.http.HttpParser.parseAvailable(HttpParser.java:235) ~[storm-core-1.2.2.jar:1.2.2]
	at org.apache.storm.shade.org.eclipse.jetty.server.AsyncHttpConnection.handle(AsyncHttpConnection.java:82) ~[storm-core-1.2.2.jar:1.2.2]
	at org.apache.storm.shade.org.eclipse.jetty.io.nio.SelectChannelEndPoint.handle(SelectChannelEndPoint.java:668) ~[storm-core-1.2.2.jar:1.2.2]
	at org.apache.storm.shade.org.eclipse.jetty.io.nio.SelectChannelEndPoint$1.run(SelectChannelEndPoint.java:52) ~[storm-core-1.2.2.jar:1.2.2]
	at org.apache.storm.shade.org.eclipse.jetty.util.thread.QueuedThreadPool.runJob(QueuedThreadPool.java:608) ~[storm-core-1.2.2.jar:1.2.2]
	at org.apache.storm.shade.org.eclipse.jetty.util.thread.QueuedThreadPool$3.run(QueuedThreadPool.java:543) ~[storm-core-1.2.2.jar:1.2.2]
	at java.lang.Thread.run(Thread.java:748) [?:1.8.0_201]
Caused by: java.lang.RuntimeException: org.apache.storm.thrift.transport.TTransportException: java.net.ConnectException: Connection refused (Connection refused)
	at org.apache.storm.security.auth.TBackoffConnect.retryNext(TBackoffConnect.java:64) ~[storm-core-1.2.2.jar:1.2.2]
	at org.apache.storm.security.auth.TBackoffConnect.doConnectWithRetry(TBackoffConnect.java:56) ~[storm-core-1.2.2.jar:1.2.2]
	at org.apache.storm.security.auth.ThriftClient.reconnect(ThriftClient.java:104) ~[storm-core-1.2.2.jar:1.2.2]
	... 64 more
Caused by: org.apache.storm.thrift.transport.TTransportException: java.net.ConnectException: Connection refused (Connection refused)
	at org.apache.storm.thrift.transport.TSocket.open(TSocket.java:226) ~[storm-core-1.2.2.jar:1.2.2]
	at org.apache.storm.thrift.transport.TFramedTransport.open(TFramedTransport.java:81) ~[storm-core-1.2.2.jar:1.2.2]
	at org.apache.storm.security.auth.SimpleTransportPlugin.connect(SimpleTransportPlugin.java:105) ~[storm-core-1.2.2.jar:1.2.2]
	at org.apache.storm.security.auth.TBackoffConnect.doConnectWithRetry(TBackoffConnect.java:53) ~[storm-core-1.2.2.jar:1.2.2]
	at org.apache.storm.security.auth.ThriftClient.reconnect(ThriftClient.java:104) ~[storm-core-1.2.2.jar:1.2.2]
	... 64 more
Caused by: java.net.ConnectException: Connection refused (Connection refused)
	at java.net.PlainSocketImpl.socketConnect(Native Method) ~[?:1.8.0_201]
	at java.net.AbstractPlainSocketImpl.doConnect(AbstractPlainSocketImpl.java:350) ~[?:1.8.0_201]
	at java.net.AbstractPlainSocketImpl.connectToAddress(AbstractPlainSocketImpl.java:206) ~[?:1.8.0_201]
	at java.net.AbstractPlainSocketImpl.connect(AbstractPlainSocketImpl.java:188) ~[?:1.8.0_201]
	at java.net.SocksSocketImpl.connect(SocksSocketImpl.java:392) ~[?:1.8.0_201]
	at java.net.Socket.connect(Socket.java:589) ~[?:1.8.0_201]
	at org.apache.storm.thrift.transport.TSocket.open(TSocket.java:221) ~[storm-core-1.2.2.jar:1.2.2]
	at org.apache.storm.thrift.transport.TFramedTransport.open(TFramedTransport.java:81) ~[storm-core-1.2.2.jar:1.2.2]
	at org.apache.storm.security.auth.SimpleTransportPlugin.connect(SimpleTransportPlugin.java:105) ~[storm-core-1.2.2.jar:1.2.2]
	at org.apache.storm.security.auth.TBackoffConnect.doConnectWithRetry(TBackoffConnect.java:53) ~[storm-core-1.2.2.jar:1.2.2]
	at org.apache.storm.security.auth.ThriftClient.reconnect(ThriftClient.java:104) ~[storm-core-1.2.2.jar:1.2.2]
	... 64 more
2019-03-18 14:04:13.524 o.a.s.u.NimbusClient qtp914293025-16 [INFO] Found leader nimbus : localhost:6627
2019-03-18 14:04:13.564 o.a.s.u.NimbusClient qtp914293025-18 [INFO] Found leader nimbus : localhost:6627
2019-03-18 14:04:13.567 o.a.s.u.NimbusClient qtp914293025-19 [INFO] Found leader nimbus : localhost:6627
2019-03-18 14:04:13.568 o.a.s.u.NimbusClient qtp914293025-21 [INFO] Found leader nimbus : localhost:6627
2019-03-18 14:04:13.568 o.a.s.u.NimbusClient qtp914293025-20 [INFO] Found leader nimbus : localhost:6627
2019-03-18 14:06:28.159 o.a.s.u.NimbusClient qtp914293025-21 [INFO] Found leader nimbus : localhost:6627
2019-03-18 14:06:28.183 o.a.s.u.NimbusClient qtp914293025-20 [INFO] Found leader nimbus : localhost:6627
2019-03-18 14:06:28.183 o.a.s.u.NimbusClient qtp914293025-18 [INFO] Found leader nimbus : localhost:6627
2019-03-18 14:06:28.186 o.a.s.u.NimbusClient qtp914293025-19 [INFO] Found leader nimbus : localhost:6627
2019-03-18 14:06:28.186 o.a.s.u.NimbusClient qtp914293025-17 [INFO] Found leader nimbus : localhost:6627
2019-03-18 14:07:03.819 o.a.s.u.NimbusClient qtp914293025-17 [INFO] Found leader nimbus : localhost:6627
2019-03-18 14:07:03.847 o.a.s.u.NimbusClient qtp914293025-21 [INFO] Found leader nimbus : localhost:6627
2019-03-18 14:07:03.849 o.a.s.u.NimbusClient qtp914293025-19 [INFO] Found leader nimbus : localhost:6627
2019-03-18 14:07:03.849 o.a.s.u.NimbusClient qtp914293025-16 [INFO] Found leader nimbus : localhost:6627
2019-03-18 14:07:03.856 o.a.s.u.NimbusClient qtp914293025-18 [INFO] Found leader nimbus : localhost:6627
2019-03-18 14:07:59.034 o.a.s.u.NimbusClient qtp914293025-18 [INFO] Found leader nimbus : localhost:6627
2019-03-18 14:07:59.063 o.a.s.u.NimbusClient qtp914293025-16 [INFO] Found leader nimbus : localhost:6627
2019-03-18 14:07:59.064 o.a.s.u.NimbusClient qtp914293025-19 [INFO] Found leader nimbus : localhost:6627
2019-03-18 14:07:59.068 o.a.s.u.NimbusClient qtp914293025-17 [INFO] Found leader nimbus : localhost:6627
2019-03-18 14:07:59.069 o.a.s.u.NimbusClient qtp914293025-21 [INFO] Found leader nimbus : localhost:6627
2019-03-18 14:16:43.794 o.a.s.u.NimbusClient qtp914293025-20 [INFO] Found leader nimbus : localhost:6627
2019-03-18 14:16:43.831 o.a.s.u.NimbusClient qtp914293025-19 [INFO] Found leader nimbus : localhost:6627
2019-03-18 14:16:43.839 o.a.s.u.NimbusClient qtp914293025-17 [INFO] Found leader nimbus : localhost:6627
2019-03-18 14:16:43.849 o.a.s.u.NimbusClient qtp914293025-21 [INFO] Found leader nimbus : localhost:6627
2019-03-18 14:16:43.849 o.a.s.u.NimbusClient qtp914293025-16 [INFO] Found leader nimbus : localhost:6627
2019-03-18 14:16:48.275 o.a.s.u.NimbusClient qtp914293025-16 [INFO] Found leader nimbus : localhost:6627
2019-03-18 14:17:04.916 o.a.s.u.NimbusClient qtp914293025-18 [INFO] Found leader nimbus : localhost:6627
2019-03-18 14:17:05.901 o.a.s.u.NimbusClient qtp914293025-21 [INFO] Found leader nimbus : localhost:6627
2019-03-18 14:17:05.943 o.a.s.u.NimbusClient qtp914293025-16 [INFO] Found leader nimbus : localhost:6627
2019-03-18 14:17:05.953 o.a.s.u.NimbusClient qtp914293025-17 [INFO] Found leader nimbus : localhost:6627
2019-03-18 14:17:05.955 o.a.s.u.NimbusClient qtp914293025-20 [INFO] Found leader nimbus : localhost:6627
2019-03-18 14:17:05.956 o.a.s.u.NimbusClient qtp914293025-18 [INFO] Found leader nimbus : localhost:6627
2019-03-18 14:30:23.435 o.a.s.u.core main [INFO] Starting ui server for storm version '1.2.2'
2019-03-18 14:30:23.436 o.a.s.d.m.MetricsUtils main [INFO] Using statistics reporter plugin:org.apache.storm.daemon.metrics.reporters.JmxPreparableReporter
2019-03-18 14:30:23.437 o.a.s.d.m.r.JmxPreparableReporter main [INFO] Preparing...
2019-03-18 14:30:23.445 o.a.s.d.common main [INFO] Started statistics report plugin...
2019-03-18 14:30:23.576 o.a.s.s.o.e.j.s.Server main [INFO] jetty-7.x.y-SNAPSHOT
2019-03-18 14:30:23.615 o.a.s.s.o.e.j.s.h.ContextHandler main [INFO] started o.a.s.s.o.e.j.s.ServletContextHandler{/,null}
2019-03-18 14:30:23.649 o.a.s.s.o.e.j.s.AbstractConnector main [INFO] Started SelectChannelConnector@0.0.0.0:8080
2019-03-18 14:31:08.693 o.a.s.u.core main [INFO] Starting ui server for storm version '1.2.2'
2019-03-18 14:31:08.757 o.a.s.d.m.MetricsUtils main [INFO] Using statistics reporter plugin:org.apache.storm.daemon.metrics.reporters.JmxPreparableReporter
2019-03-18 14:31:08.821 o.a.s.d.m.r.JmxPreparableReporter main [INFO] Preparing...
2019-03-18 14:31:11.492 o.a.s.d.common main [INFO] Started statistics report plugin...
2019-03-18 14:31:12.066 o.a.s.s.o.e.j.s.Server main [INFO] jetty-7.x.y-SNAPSHOT
2019-03-18 14:31:12.091 o.a.s.s.o.e.j.s.h.ContextHandler main [INFO] started o.a.s.s.o.e.j.s.ServletContextHandler{/,null}
2019-03-18 14:31:12.972 o.a.s.s.o.e.j.u.c.AbstractLifeCycle main [WARN] FAILED SelectChannelConnector@0.0.0.0:8080: java.net.BindException: Address already in use
java.net.BindException: Address already in use
	at sun.nio.ch.Net.bind0(Native Method) ~[?:1.8.0_201]
	at sun.nio.ch.Net.bind(Net.java:433) ~[?:1.8.0_201]
	at sun.nio.ch.Net.bind(Net.java:425) ~[?:1.8.0_201]
	at sun.nio.ch.ServerSocketChannelImpl.bind(ServerSocketChannelImpl.java:223) ~[?:1.8.0_201]
	at sun.nio.ch.ServerSocketAdaptor.bind(ServerSocketAdaptor.java:74) ~[?:1.8.0_201]
	at org.apache.storm.shade.org.eclipse.jetty.server.nio.SelectChannelConnector.open(SelectChannelConnector.java:187) ~[storm-core-1.2.2.jar:1.2.2]
	at org.apache.storm.shade.org.eclipse.jetty.server.AbstractConnector.doStart(AbstractConnector.java:316) ~[storm-core-1.2.2.jar:1.2.2]
	at org.apache.storm.shade.org.eclipse.jetty.server.nio.SelectChannelConnector.doStart(SelectChannelConnector.java:265) ~[storm-core-1.2.2.jar:1.2.2]
	at org.apache.storm.shade.org.eclipse.jetty.util.component.AbstractLifeCycle.start(AbstractLifeCycle.java:64) ~[storm-core-1.2.2.jar:1.2.2]
	at org.apache.storm.shade.org.eclipse.jetty.server.Server.doStart(Server.java:292) ~[storm-core-1.2.2.jar:1.2.2]
	at org.apache.storm.shade.org.eclipse.jetty.util.component.AbstractLifeCycle.start(AbstractLifeCycle.java:64) ~[storm-core-1.2.2.jar:1.2.2]
	at org.apache.storm.ui.helpers$storm_run_jetty.invoke(helpers.clj:256) ~[storm-core-1.2.2.jar:1.2.2]
	at org.apache.storm.ui.core$start_server_BANG_.invoke(core.clj:1464) ~[storm-core-1.2.2.jar:1.2.2]
	at org.apache.storm.ui.core$_main.invoke(core.clj:1488) ~[storm-core-1.2.2.jar:1.2.2]
	at clojure.lang.AFn.applyToHelper(AFn.java:152) ~[clojure-1.7.0.jar:?]
	at clojure.lang.AFn.applyTo(AFn.java:144) ~[clojure-1.7.0.jar:?]
	at org.apache.storm.ui.core.main(Unknown Source) ~[storm-core-1.2.2.jar:1.2.2]
2019-03-18 14:31:12.972 o.a.s.s.o.e.j.u.c.AbstractLifeCycle main [WARN] FAILED org.apache.storm.shade.org.eclipse.jetty.server.Server@7c112f5f: java.net.BindException: Address already in use
java.net.BindException: Address already in use
	at sun.nio.ch.Net.bind0(Native Method) ~[?:1.8.0_201]
	at sun.nio.ch.Net.bind(Net.java:433) ~[?:1.8.0_201]
	at sun.nio.ch.Net.bind(Net.java:425) ~[?:1.8.0_201]
	at sun.nio.ch.ServerSocketChannelImpl.bind(ServerSocketChannelImpl.java:223) ~[?:1.8.0_201]
	at sun.nio.ch.ServerSocketAdaptor.bind(ServerSocketAdaptor.java:74) ~[?:1.8.0_201]
	at org.apache.storm.shade.org.eclipse.jetty.server.nio.SelectChannelConnector.open(SelectChannelConnector.java:187) ~[storm-core-1.2.2.jar:1.2.2]
	at org.apache.storm.shade.org.eclipse.jetty.server.AbstractConnector.doStart(AbstractConnector.java:316) ~[storm-core-1.2.2.jar:1.2.2]
	at org.apache.storm.shade.org.eclipse.jetty.server.nio.SelectChannelConnector.doStart(SelectChannelConnector.java:265) ~[storm-core-1.2.2.jar:1.2.2]
	at org.apache.storm.shade.org.eclipse.jetty.util.component.AbstractLifeCycle.start(AbstractLifeCycle.java:64) ~[storm-core-1.2.2.jar:1.2.2]
	at org.apache.storm.shade.org.eclipse.jetty.server.Server.doStart(Server.java:292) ~[storm-core-1.2.2.jar:1.2.2]
	at org.apache.storm.shade.org.eclipse.jetty.util.component.AbstractLifeCycle.start(AbstractLifeCycle.java:64) ~[storm-core-1.2.2.jar:1.2.2]
	at org.apache.storm.ui.helpers$storm_run_jetty.invoke(helpers.clj:256) ~[storm-core-1.2.2.jar:1.2.2]
	at org.apache.storm.ui.core$start_server_BANG_.invoke(core.clj:1464) ~[storm-core-1.2.2.jar:1.2.2]
	at org.apache.storm.ui.core$_main.invoke(core.clj:1488) ~[storm-core-1.2.2.jar:1.2.2]
	at clojure.lang.AFn.applyToHelper(AFn.java:152) ~[clojure-1.7.0.jar:?]
	at clojure.lang.AFn.applyTo(AFn.java:144) ~[clojure-1.7.0.jar:?]
	at org.apache.storm.ui.core.main(Unknown Source) ~[storm-core-1.2.2.jar:1.2.2]
2019-03-18 14:31:12.983 o.a.s.u.core main [ERROR] 
java.net.BindException: Address already in use
	at sun.nio.ch.Net.bind0(Native Method) ~[?:1.8.0_201]
	at sun.nio.ch.Net.bind(Net.java:433) ~[?:1.8.0_201]
	at sun.nio.ch.Net.bind(Net.java:425) ~[?:1.8.0_201]
	at sun.nio.ch.ServerSocketChannelImpl.bind(ServerSocketChannelImpl.java:223) ~[?:1.8.0_201]
	at sun.nio.ch.ServerSocketAdaptor.bind(ServerSocketAdaptor.java:74) ~[?:1.8.0_201]
	at org.apache.storm.shade.org.eclipse.jetty.server.nio.SelectChannelConnector.open(SelectChannelConnector.java:187) ~[storm-core-1.2.2.jar:1.2.2]
	at org.apache.storm.shade.org.eclipse.jetty.server.AbstractConnector.doStart(AbstractConnector.java:316) ~[storm-core-1.2.2.jar:1.2.2]
	at org.apache.storm.shade.org.eclipse.jetty.server.nio.SelectChannelConnector.doStart(SelectChannelConnector.java:265) ~[storm-core-1.2.2.jar:1.2.2]
	at org.apache.storm.shade.org.eclipse.jetty.util.component.AbstractLifeCycle.start(AbstractLifeCycle.java:64) ~[storm-core-1.2.2.jar:1.2.2]
	at org.apache.storm.shade.org.eclipse.jetty.server.Server.doStart(Server.java:292) ~[storm-core-1.2.2.jar:1.2.2]
	at org.apache.storm.shade.org.eclipse.jetty.util.component.AbstractLifeCycle.start(AbstractLifeCycle.java:64) ~[storm-core-1.2.2.jar:1.2.2]
	at org.apache.storm.ui.helpers$storm_run_jetty.invoke(helpers.clj:256) ~[storm-core-1.2.2.jar:1.2.2]
	at org.apache.storm.ui.core$start_server_BANG_.invoke(core.clj:1464) ~[storm-core-1.2.2.jar:1.2.2]
	at org.apache.storm.ui.core$_main.invoke(core.clj:1488) ~[storm-core-1.2.2.jar:1.2.2]
	at clojure.lang.AFn.applyToHelper(AFn.java:152) ~[clojure-1.7.0.jar:?]
	at clojure.lang.AFn.applyTo(AFn.java:144) ~[clojure-1.7.0.jar:?]
	at org.apache.storm.ui.core.main(Unknown Source) ~[storm-core-1.2.2.jar:1.2.2]
2019-03-18 14:32:01.915 o.a.s.u.core main [INFO] Starting ui server for storm version '1.2.2'
2019-03-18 14:32:01.948 o.a.s.d.m.MetricsUtils main [INFO] Using statistics reporter plugin:org.apache.storm.daemon.metrics.reporters.JmxPreparableReporter
2019-03-18 14:32:01.949 o.a.s.d.m.r.JmxPreparableReporter main [INFO] Preparing...
2019-03-18 14:32:02.145 o.a.s.d.common main [INFO] Started statistics report plugin...
2019-03-18 14:32:03.424 o.a.s.s.o.e.j.s.Server main [INFO] jetty-7.x.y-SNAPSHOT
2019-03-18 14:32:03.442 o.a.s.s.o.e.j.s.h.ContextHandler main [INFO] started o.a.s.s.o.e.j.s.ServletContextHandler{/,null}
2019-03-18 14:32:03.472 o.a.s.s.o.e.j.u.c.AbstractLifeCycle main [WARN] FAILED SelectChannelConnector@0.0.0.0:8080: java.net.BindException: Address already in use
java.net.BindException: Address already in use
	at sun.nio.ch.Net.bind0(Native Method) ~[?:1.8.0_201]
	at sun.nio.ch.Net.bind(Net.java:433) ~[?:1.8.0_201]
	at sun.nio.ch.Net.bind(Net.java:425) ~[?:1.8.0_201]
	at sun.nio.ch.ServerSocketChannelImpl.bind(ServerSocketChannelImpl.java:223) ~[?:1.8.0_201]
	at sun.nio.ch.ServerSocketAdaptor.bind(ServerSocketAdaptor.java:74) ~[?:1.8.0_201]
	at org.apache.storm.shade.org.eclipse.jetty.server.nio.SelectChannelConnector.open(SelectChannelConnector.java:187) ~[storm-core-1.2.2.jar:1.2.2]
	at org.apache.storm.shade.org.eclipse.jetty.server.AbstractConnector.doStart(AbstractConnector.java:316) ~[storm-core-1.2.2.jar:1.2.2]
	at org.apache.storm.shade.org.eclipse.jetty.server.nio.SelectChannelConnector.doStart(SelectChannelConnector.java:265) ~[storm-core-1.2.2.jar:1.2.2]
	at org.apache.storm.shade.org.eclipse.jetty.util.component.AbstractLifeCycle.start(AbstractLifeCycle.java:64) ~[storm-core-1.2.2.jar:1.2.2]
	at org.apache.storm.shade.org.eclipse.jetty.server.Server.doStart(Server.java:292) ~[storm-core-1.2.2.jar:1.2.2]
	at org.apache.storm.shade.org.eclipse.jetty.util.component.AbstractLifeCycle.start(AbstractLifeCycle.java:64) ~[storm-core-1.2.2.jar:1.2.2]
	at org.apache.storm.ui.helpers$storm_run_jetty.invoke(helpers.clj:256) ~[storm-core-1.2.2.jar:1.2.2]
	at org.apache.storm.ui.core$start_server_BANG_.invoke(core.clj:1464) ~[storm-core-1.2.2.jar:1.2.2]
	at org.apache.storm.ui.core$_main.invoke(core.clj:1488) ~[storm-core-1.2.2.jar:1.2.2]
	at clojure.lang.AFn.applyToHelper(AFn.java:152) ~[clojure-1.7.0.jar:?]
	at clojure.lang.AFn.applyTo(AFn.java:144) ~[clojure-1.7.0.jar:?]
	at org.apache.storm.ui.core.main(Unknown Source) ~[storm-core-1.2.2.jar:1.2.2]
2019-03-18 14:32:03.472 o.a.s.s.o.e.j.u.c.AbstractLifeCycle main [WARN] FAILED org.apache.storm.shade.org.eclipse.jetty.server.Server@7c112f5f: java.net.BindException: Address already in use
java.net.BindException: Address already in use
	at sun.nio.ch.Net.bind0(Native Method) ~[?:1.8.0_201]
	at sun.nio.ch.Net.bind(Net.java:433) ~[?:1.8.0_201]
	at sun.nio.ch.Net.bind(Net.java:425) ~[?:1.8.0_201]
	at sun.nio.ch.ServerSocketChannelImpl.bind(ServerSocketChannelImpl.java:223) ~[?:1.8.0_201]
	at sun.nio.ch.ServerSocketAdaptor.bind(ServerSocketAdaptor.java:74) ~[?:1.8.0_201]
	at org.apache.storm.shade.org.eclipse.jetty.server.nio.SelectChannelConnector.open(SelectChannelConnector.java:187) ~[storm-core-1.2.2.jar:1.2.2]
	at org.apache.storm.shade.org.eclipse.jetty.server.AbstractConnector.doStart(AbstractConnector.java:316) ~[storm-core-1.2.2.jar:1.2.2]
	at org.apache.storm.shade.org.eclipse.jetty.server.nio.SelectChannelConnector.doStart(SelectChannelConnector.java:265) ~[storm-core-1.2.2.jar:1.2.2]
	at org.apache.storm.shade.org.eclipse.jetty.util.component.AbstractLifeCycle.start(AbstractLifeCycle.java:64) ~[storm-core-1.2.2.jar:1.2.2]
	at org.apache.storm.shade.org.eclipse.jetty.server.Server.doStart(Server.java:292) ~[storm-core-1.2.2.jar:1.2.2]
	at org.apache.storm.shade.org.eclipse.jetty.util.component.AbstractLifeCycle.start(AbstractLifeCycle.java:64) ~[storm-core-1.2.2.jar:1.2.2]
	at org.apache.storm.ui.helpers$storm_run_jetty.invoke(helpers.clj:256) ~[storm-core-1.2.2.jar:1.2.2]
	at org.apache.storm.ui.core$start_server_BANG_.invoke(core.clj:1464) ~[storm-core-1.2.2.jar:1.2.2]
	at org.apache.storm.ui.core$_main.invoke(core.clj:1488) ~[storm-core-1.2.2.jar:1.2.2]
	at clojure.lang.AFn.applyToHelper(AFn.java:152) ~[clojure-1.7.0.jar:?]
	at clojure.lang.AFn.applyTo(AFn.java:144) ~[clojure-1.7.0.jar:?]
	at org.apache.storm.ui.core.main(Unknown Source) ~[storm-core-1.2.2.jar:1.2.2]
2019-03-18 14:32:03.483 o.a.s.u.core main [ERROR] 
java.net.BindException: Address already in use
	at sun.nio.ch.Net.bind0(Native Method) ~[?:1.8.0_201]
	at sun.nio.ch.Net.bind(Net.java:433) ~[?:1.8.0_201]
	at sun.nio.ch.Net.bind(Net.java:425) ~[?:1.8.0_201]
	at sun.nio.ch.ServerSocketChannelImpl.bind(ServerSocketChannelImpl.java:223) ~[?:1.8.0_201]
	at sun.nio.ch.ServerSocketAdaptor.bind(ServerSocketAdaptor.java:74) ~[?:1.8.0_201]
	at org.apache.storm.shade.org.eclipse.jetty.server.nio.SelectChannelConnector.open(SelectChannelConnector.java:187) ~[storm-core-1.2.2.jar:1.2.2]
	at org.apache.storm.shade.org.eclipse.jetty.server.AbstractConnector.doStart(AbstractConnector.java:316) ~[storm-core-1.2.2.jar:1.2.2]
	at org.apache.storm.shade.org.eclipse.jetty.server.nio.SelectChannelConnector.doStart(SelectChannelConnector.java:265) ~[storm-core-1.2.2.jar:1.2.2]
	at org.apache.storm.shade.org.eclipse.jetty.util.component.AbstractLifeCycle.start(AbstractLifeCycle.java:64) ~[storm-core-1.2.2.jar:1.2.2]
	at org.apache.storm.shade.org.eclipse.jetty.server.Server.doStart(Server.java:292) ~[storm-core-1.2.2.jar:1.2.2]
	at org.apache.storm.shade.org.eclipse.jetty.util.component.AbstractLifeCycle.start(AbstractLifeCycle.java:64) ~[storm-core-1.2.2.jar:1.2.2]
	at org.apache.storm.ui.helpers$storm_run_jetty.invoke(helpers.clj:256) ~[storm-core-1.2.2.jar:1.2.2]
	at org.apache.storm.ui.core$start_server_BANG_.invoke(core.clj:1464) ~[storm-core-1.2.2.jar:1.2.2]
	at org.apache.storm.ui.core$_main.invoke(core.clj:1488) ~[storm-core-1.2.2.jar:1.2.2]
	at clojure.lang.AFn.applyToHelper(AFn.java:152) ~[clojure-1.7.0.jar:?]
	at clojure.lang.AFn.applyTo(AFn.java:144) ~[clojure-1.7.0.jar:?]
	at org.apache.storm.ui.core.main(Unknown Source) ~[storm-core-1.2.2.jar:1.2.2]
2019-03-18 14:34:06.094 o.a.s.u.core main [INFO] Starting ui server for storm version '1.2.2'
2019-03-18 14:34:07.031 o.a.s.d.m.MetricsUtils main [INFO] Using statistics reporter plugin:org.apache.storm.daemon.metrics.reporters.JmxPreparableReporter
2019-03-18 14:34:07.998 o.a.s.d.m.r.JmxPreparableReporter main [INFO] Preparing...
2019-03-18 14:34:17.003 o.a.s.d.common main [INFO] Started statistics report plugin...
2019-03-18 14:34:33.599 o.a.s.s.o.e.j.s.Server main [INFO] jetty-7.x.y-SNAPSHOT
2019-03-18 14:34:35.322 o.a.s.s.o.e.j.s.h.ContextHandler main [INFO] started o.a.s.s.o.e.j.s.ServletContextHandler{/,null}
2019-03-18 14:34:41.464 o.a.s.s.o.e.j.u.c.AbstractLifeCycle main [WARN] FAILED SelectChannelConnector@0.0.0.0:8080: java.net.BindException: Address already in use
java.net.BindException: Address already in use
	at sun.nio.ch.Net.bind0(Native Method) ~[?:1.8.0_201]
	at sun.nio.ch.Net.bind(Net.java:433) ~[?:1.8.0_201]
	at sun.nio.ch.Net.bind(Net.java:425) ~[?:1.8.0_201]
	at sun.nio.ch.ServerSocketChannelImpl.bind(ServerSocketChannelImpl.java:223) ~[?:1.8.0_201]
	at sun.nio.ch.ServerSocketAdaptor.bind(ServerSocketAdaptor.java:74) ~[?:1.8.0_201]
	at org.apache.storm.shade.org.eclipse.jetty.server.nio.SelectChannelConnector.open(SelectChannelConnector.java:187) ~[storm-core-1.2.2.jar:1.2.2]
	at org.apache.storm.shade.org.eclipse.jetty.server.AbstractConnector.doStart(AbstractConnector.java:316) ~[storm-core-1.2.2.jar:1.2.2]
	at org.apache.storm.shade.org.eclipse.jetty.server.nio.SelectChannelConnector.doStart(SelectChannelConnector.java:265) ~[storm-core-1.2.2.jar:1.2.2]
	at org.apache.storm.shade.org.eclipse.jetty.util.component.AbstractLifeCycle.start(AbstractLifeCycle.java:64) ~[storm-core-1.2.2.jar:1.2.2]
	at org.apache.storm.shade.org.eclipse.jetty.server.Server.doStart(Server.java:292) ~[storm-core-1.2.2.jar:1.2.2]
	at org.apache.storm.shade.org.eclipse.jetty.util.component.AbstractLifeCycle.start(AbstractLifeCycle.java:64) ~[storm-core-1.2.2.jar:1.2.2]
	at org.apache.storm.ui.helpers$storm_run_jetty.invoke(helpers.clj:256) ~[storm-core-1.2.2.jar:1.2.2]
	at org.apache.storm.ui.core$start_server_BANG_.invoke(core.clj:1464) ~[storm-core-1.2.2.jar:1.2.2]
	at org.apache.storm.ui.core$_main.invoke(core.clj:1488) ~[storm-core-1.2.2.jar:1.2.2]
	at clojure.lang.AFn.applyToHelper(AFn.java:152) ~[clojure-1.7.0.jar:?]
	at clojure.lang.AFn.applyTo(AFn.java:144) ~[clojure-1.7.0.jar:?]
	at org.apache.storm.ui.core.main(Unknown Source) ~[storm-core-1.2.2.jar:1.2.2]
2019-03-18 14:34:41.464 o.a.s.s.o.e.j.u.c.AbstractLifeCycle main [WARN] FAILED org.apache.storm.shade.org.eclipse.jetty.server.Server@7c112f5f: java.net.BindException: Address already in use
java.net.BindException: Address already in use
	at sun.nio.ch.Net.bind0(Native Method) ~[?:1.8.0_201]
	at sun.nio.ch.Net.bind(Net.java:433) ~[?:1.8.0_201]
	at sun.nio.ch.Net.bind(Net.java:425) ~[?:1.8.0_201]
	at sun.nio.ch.ServerSocketChannelImpl.bind(ServerSocketChannelImpl.java:223) ~[?:1.8.0_201]
	at sun.nio.ch.ServerSocketAdaptor.bind(ServerSocketAdaptor.java:74) ~[?:1.8.0_201]
	at org.apache.storm.shade.org.eclipse.jetty.server.nio.SelectChannelConnector.open(SelectChannelConnector.java:187) ~[storm-core-1.2.2.jar:1.2.2]
	at org.apache.storm.shade.org.eclipse.jetty.server.AbstractConnector.doStart(AbstractConnector.java:316) ~[storm-core-1.2.2.jar:1.2.2]
	at org.apache.storm.shade.org.eclipse.jetty.server.nio.SelectChannelConnector.doStart(SelectChannelConnector.java:265) ~[storm-core-1.2.2.jar:1.2.2]
	at org.apache.storm.shade.org.eclipse.jetty.util.component.AbstractLifeCycle.start(AbstractLifeCycle.java:64) ~[storm-core-1.2.2.jar:1.2.2]
	at org.apache.storm.shade.org.eclipse.jetty.server.Server.doStart(Server.java:292) ~[storm-core-1.2.2.jar:1.2.2]
	at org.apache.storm.shade.org.eclipse.jetty.util.component.AbstractLifeCycle.start(AbstractLifeCycle.java:64) ~[storm-core-1.2.2.jar:1.2.2]
	at org.apache.storm.ui.helpers$storm_run_jetty.invoke(helpers.clj:256) ~[storm-core-1.2.2.jar:1.2.2]
	at org.apache.storm.ui.core$start_server_BANG_.invoke(core.clj:1464) ~[storm-core-1.2.2.jar:1.2.2]
	at org.apache.storm.ui.core$_main.invoke(core.clj:1488) ~[storm-core-1.2.2.jar:1.2.2]
	at clojure.lang.AFn.applyToHelper(AFn.java:152) ~[clojure-1.7.0.jar:?]
	at clojure.lang.AFn.applyTo(AFn.java:144) ~[clojure-1.7.0.jar:?]
	at org.apache.storm.ui.core.main(Unknown Source) ~[storm-core-1.2.2.jar:1.2.2]
2019-03-18 14:34:41.476 o.a.s.u.core main [ERROR] 
java.net.BindException: Address already in use
	at sun.nio.ch.Net.bind0(Native Method) ~[?:1.8.0_201]
	at sun.nio.ch.Net.bind(Net.java:433) ~[?:1.8.0_201]
	at sun.nio.ch.Net.bind(Net.java:425) ~[?:1.8.0_201]
	at sun.nio.ch.ServerSocketChannelImpl.bind(ServerSocketChannelImpl.java:223) ~[?:1.8.0_201]
	at sun.nio.ch.ServerSocketAdaptor.bind(ServerSocketAdaptor.java:74) ~[?:1.8.0_201]
	at org.apache.storm.shade.org.eclipse.jetty.server.nio.SelectChannelConnector.open(SelectChannelConnector.java:187) ~[storm-core-1.2.2.jar:1.2.2]
	at org.apache.storm.shade.org.eclipse.jetty.server.AbstractConnector.doStart(AbstractConnector.java:316) ~[storm-core-1.2.2.jar:1.2.2]
	at org.apache.storm.shade.org.eclipse.jetty.server.nio.SelectChannelConnector.doStart(SelectChannelConnector.java:265) ~[storm-core-1.2.2.jar:1.2.2]
	at org.apache.storm.shade.org.eclipse.jetty.util.component.AbstractLifeCycle.start(AbstractLifeCycle.java:64) ~[storm-core-1.2.2.jar:1.2.2]
	at org.apache.storm.shade.org.eclipse.jetty.server.Server.doStart(Server.java:292) ~[storm-core-1.2.2.jar:1.2.2]
	at org.apache.storm.shade.org.eclipse.jetty.util.component.AbstractLifeCycle.start(AbstractLifeCycle.java:64) ~[storm-core-1.2.2.jar:1.2.2]
	at org.apache.storm.ui.helpers$storm_run_jetty.invoke(helpers.clj:256) ~[storm-core-1.2.2.jar:1.2.2]
	at org.apache.storm.ui.core$start_server_BANG_.invoke(core.clj:1464) ~[storm-core-1.2.2.jar:1.2.2]
	at org.apache.storm.ui.core$_main.invoke(core.clj:1488) ~[storm-core-1.2.2.jar:1.2.2]
	at clojure.lang.AFn.applyToHelper(AFn.java:152) ~[clojure-1.7.0.jar:?]
	at clojure.lang.AFn.applyTo(AFn.java:144) ~[clojure-1.7.0.jar:?]
	at org.apache.storm.ui.core.main(Unknown Source) ~[storm-core-1.2.2.jar:1.2.2]
2019-03-18 15:51:48.657 o.a.s.u.core main [INFO] Starting ui server for storm version '1.2.2'
2019-03-18 15:51:48.674 o.a.s.d.m.MetricsUtils main [INFO] Using statistics reporter plugin:org.apache.storm.daemon.metrics.reporters.JmxPreparableReporter
2019-03-18 15:51:48.675 o.a.s.d.m.r.JmxPreparableReporter main [INFO] Preparing...
2019-03-18 15:51:49.388 o.a.s.d.common main [INFO] Started statistics report plugin...
2019-03-18 15:51:49.589 o.a.s.s.o.e.j.s.Server main [INFO] jetty-7.x.y-SNAPSHOT
2019-03-18 15:51:49.615 o.a.s.s.o.e.j.s.h.ContextHandler main [INFO] started o.a.s.s.o.e.j.s.ServletContextHandler{/,null}
2019-03-18 15:51:50.080 o.a.s.s.o.e.j.s.AbstractConnector main [INFO] Started SelectChannelConnector@0.0.0.0:8080
2019-03-18 15:52:09.018 o.a.s.u.NimbusClient qtp2003311844-16 [INFO] Found leader nimbus : bdata1:6627
2019-03-18 15:52:09.137 o.a.s.u.NimbusClient qtp2003311844-18 [INFO] Found leader nimbus : bdata1:6627
2019-03-18 15:52:09.161 o.a.s.u.NimbusClient qtp2003311844-19 [INFO] Found leader nimbus : bdata1:6627
2019-03-18 15:52:09.172 o.a.s.u.NimbusClient qtp2003311844-17 [INFO] Found leader nimbus : bdata1:6627
2019-03-18 15:52:09.174 o.a.s.u.NimbusClient qtp2003311844-21 [INFO] Found leader nimbus : bdata1:6627
2019-03-18 15:52:41.145 o.a.s.u.NimbusClient qtp2003311844-21 [INFO] Found leader nimbus : bdata1:6627
2019-03-18 15:52:41.209 o.a.s.u.NimbusClient qtp2003311844-16 [INFO] Found leader nimbus : bdata1:6627
2019-03-18 15:52:41.220 o.a.s.u.NimbusClient qtp2003311844-19 [INFO] Found leader nimbus : bdata1:6627
2019-03-18 15:52:41.221 o.a.s.u.NimbusClient qtp2003311844-14 [INFO] Found leader nimbus : bdata1:6627
2019-03-18 15:52:41.232 o.a.s.u.NimbusClient qtp2003311844-18 [INFO] Found leader nimbus : bdata1:6627
2019-03-18 17:08:20.179 o.a.s.u.core main [INFO] Starting ui server for storm version '1.2.2'
2019-03-18 17:08:20.188 o.a.s.d.m.MetricsUtils main [INFO] Using statistics reporter plugin:org.apache.storm.daemon.metrics.reporters.JmxPreparableReporter
2019-03-18 17:08:20.189 o.a.s.d.m.r.JmxPreparableReporter main [INFO] Preparing...
2019-03-18 17:08:20.192 o.a.s.d.common main [INFO] Started statistics report plugin...
2019-03-18 17:08:20.270 o.a.s.s.o.e.j.s.Server main [INFO] jetty-7.x.y-SNAPSHOT
2019-03-18 17:08:20.298 o.a.s.s.o.e.j.s.h.ContextHandler main [INFO] started o.a.s.s.o.e.j.s.ServletContextHandler{/,null}
2019-03-18 17:08:20.310 o.a.s.s.o.e.j.s.AbstractConnector main [INFO] Started SelectChannelConnector@0.0.0.0:8080
2019-03-18 17:11:03.819 o.a.s.u.core main [INFO] Starting ui server for storm version '1.2.2'
2019-03-18 17:11:03.821 o.a.s.d.m.MetricsUtils main [INFO] Using statistics reporter plugin:org.apache.storm.daemon.metrics.reporters.JmxPreparableReporter
2019-03-18 17:11:03.821 o.a.s.d.m.r.JmxPreparableReporter main [INFO] Preparing...
2019-03-18 17:11:03.825 o.a.s.d.common main [INFO] Started statistics report plugin...
2019-03-18 17:11:03.859 o.a.s.s.o.e.j.s.Server main [INFO] jetty-7.x.y-SNAPSHOT
2019-03-18 17:11:03.952 o.a.s.s.o.e.j.s.h.ContextHandler main [INFO] started o.a.s.s.o.e.j.s.ServletContextHandler{/,null}
2019-03-18 17:11:03.966 o.a.s.s.o.e.j.s.AbstractConnector main [INFO] Started SelectChannelConnector@0.0.0.0:8080
2019-03-18 17:14:58.946 o.a.s.u.core main [INFO] Starting ui server for storm version '1.2.2'
2019-03-18 17:14:58.948 o.a.s.d.m.MetricsUtils main [INFO] Using statistics reporter plugin:org.apache.storm.daemon.metrics.reporters.JmxPreparableReporter
2019-03-18 17:14:58.948 o.a.s.d.m.r.JmxPreparableReporter main [INFO] Preparing...
2019-03-18 17:14:58.963 o.a.s.d.common main [INFO] Started statistics report plugin...
2019-03-18 17:14:59.001 o.a.s.s.o.e.j.s.Server main [INFO] jetty-7.x.y-SNAPSHOT
2019-03-18 17:14:59.017 o.a.s.s.o.e.j.s.h.ContextHandler main [INFO] started o.a.s.s.o.e.j.s.ServletContextHandler{/,null}
2019-03-18 17:14:59.044 o.a.s.s.o.e.j.s.AbstractConnector main [INFO] Started SelectChannelConnector@0.0.0.0:8080
2019-03-18 17:15:21.159 o.a.s.u.NimbusClient qtp2003311844-16 [INFO] Found leader nimbus : bdata1:6627
2019-03-18 17:15:21.220 o.a.s.u.NimbusClient qtp2003311844-19 [INFO] Found leader nimbus : bdata1:6627
2019-03-18 17:15:21.221 o.a.s.u.NimbusClient qtp2003311844-18 [INFO] Found leader nimbus : bdata1:6627
2019-03-18 17:15:21.229 o.a.s.u.NimbusClient qtp2003311844-21 [INFO] Found leader nimbus : bdata1:6627
2019-03-18 17:15:21.229 o.a.s.u.NimbusClient qtp2003311844-20 [INFO] Found leader nimbus : bdata1:6627
2019-03-18 17:16:58.098 o.a.s.u.NimbusClient qtp2003311844-17 [INFO] Found leader nimbus : bdata1:6627
2019-03-18 17:16:58.196 o.a.s.u.NimbusClient qtp2003311844-16 [INFO] Found leader nimbus : bdata1:6627
2019-03-18 17:16:58.196 o.a.s.u.NimbusClient qtp2003311844-19 [INFO] Found leader nimbus : bdata1:6627
2019-03-18 17:16:58.197 o.a.s.u.NimbusClient qtp2003311844-20 [INFO] Found leader nimbus : bdata1:6627
2019-03-18 17:16:58.200 o.a.s.u.NimbusClient qtp2003311844-21 [INFO] Found leader nimbus : bdata1:6627
2019-03-18 17:17:00.343 o.a.s.u.NimbusClient qtp2003311844-18 [INFO] Found leader nimbus : bdata1:6627
2019-03-18 17:17:00.392 o.a.s.u.NimbusClient qtp2003311844-19 [INFO] Found leader nimbus : bdata1:6627
2019-03-18 17:17:00.393 o.a.s.u.NimbusClient qtp2003311844-21 [INFO] Found leader nimbus : bdata1:6627
2019-03-18 17:17:00.393 o.a.s.u.NimbusClient qtp2003311844-16 [INFO] Found leader nimbus : bdata1:6627
2019-03-18 17:17:00.394 o.a.s.u.NimbusClient qtp2003311844-20 [INFO] Found leader nimbus : bdata1:6627
2019-03-18 17:17:01.495 o.a.s.u.NimbusClient qtp2003311844-21 [INFO] Found leader nimbus : bdata1:6627
2019-03-18 17:17:01.551 o.a.s.u.NimbusClient qtp2003311844-18 [INFO] Found leader nimbus : bdata1:6627
2019-03-18 17:17:01.552 o.a.s.u.NimbusClient qtp2003311844-20 [INFO] Found leader nimbus : bdata1:6627
2019-03-18 17:17:01.554 o.a.s.u.NimbusClient qtp2003311844-17 [INFO] Found leader nimbus : bdata1:6627
2019-03-18 17:17:01.558 o.a.s.u.NimbusClient qtp2003311844-16 [INFO] Found leader nimbus : bdata1:6627
2019-03-18 17:17:19.731 o.a.s.u.NimbusClient qtp2003311844-17 [INFO] Found leader nimbus : bdata1:6627
2019-03-18 17:17:19.805 o.a.s.u.NimbusClient qtp2003311844-21 [INFO] Found leader nimbus : bdata1:6627
2019-03-18 17:17:19.805 o.a.s.u.NimbusClient qtp2003311844-19 [INFO] Found leader nimbus : bdata1:6627
2019-03-18 17:17:19.813 o.a.s.u.NimbusClient qtp2003311844-20 [INFO] Found leader nimbus : bdata1:6627
2019-03-18 17:17:19.813 o.a.s.u.NimbusClient qtp2003311844-18 [INFO] Found leader nimbus : bdata1:6627
2019-03-18 17:17:20.832 o.a.s.u.NimbusClient qtp2003311844-21 [INFO] Found leader nimbus : bdata1:6627
2019-03-18 17:17:20.873 o.a.s.u.NimbusClient qtp2003311844-20 [INFO] Found leader nimbus : bdata1:6627
2019-03-18 17:17:20.875 o.a.s.u.NimbusClient qtp2003311844-19 [INFO] Found leader nimbus : bdata1:6627
2019-03-18 17:17:20.877 o.a.s.u.NimbusClient qtp2003311844-16 [INFO] Found leader nimbus : bdata1:6627
2019-03-18 17:17:20.880 o.a.s.u.NimbusClient qtp2003311844-17 [INFO] Found leader nimbus : bdata1:6627
2019-03-18 17:17:21.577 o.a.s.u.NimbusClient qtp2003311844-20 [INFO] Found leader nimbus : bdata1:6627
2019-03-18 17:17:21.610 o.a.s.u.NimbusClient qtp2003311844-16 [INFO] Found leader nimbus : bdata1:6627
2019-03-18 17:17:21.610 o.a.s.u.NimbusClient qtp2003311844-21 [INFO] Found leader nimbus : bdata1:6627
2019-03-18 17:17:21.611 o.a.s.u.NimbusClient qtp2003311844-17 [INFO] Found leader nimbus : bdata1:6627
2019-03-18 17:17:21.612 o.a.s.u.NimbusClient qtp2003311844-18 [INFO] Found leader nimbus : bdata1:6627
2019-03-18 17:17:22.002 o.a.s.u.NimbusClient qtp2003311844-16 [INFO] Found leader nimbus : bdata1:6627
2019-03-18 17:17:22.039 o.a.s.u.NimbusClient qtp2003311844-17 [INFO] Found leader nimbus : bdata1:6627
2019-03-18 17:17:22.040 o.a.s.u.NimbusClient qtp2003311844-21 [INFO] Found leader nimbus : bdata1:6627
2019-03-18 17:17:22.040 o.a.s.u.NimbusClient qtp2003311844-19 [INFO] Found leader nimbus : bdata1:6627
2019-03-18 17:17:22.041 o.a.s.u.NimbusClient qtp2003311844-20 [INFO] Found leader nimbus : bdata1:6627
2019-03-18 17:17:22.274 o.a.s.u.NimbusClient qtp2003311844-16 [INFO] Found leader nimbus : bdata1:6627
2019-03-18 17:17:22.304 o.a.s.u.NimbusClient qtp2003311844-20 [INFO] Found leader nimbus : bdata1:6627
2019-03-18 17:17:22.305 o.a.s.u.NimbusClient qtp2003311844-21 [INFO] Found leader nimbus : bdata1:6627
2019-03-18 17:17:22.306 o.a.s.u.NimbusClient qtp2003311844-19 [INFO] Found leader nimbus : bdata1:6627
2019-03-18 17:17:22.306 o.a.s.u.NimbusClient qtp2003311844-18 [INFO] Found leader nimbus : bdata1:6627
2019-03-18 17:17:22.542 o.a.s.u.NimbusClient qtp2003311844-20 [INFO] Found leader nimbus : bdata1:6627
2019-03-18 17:17:22.584 o.a.s.u.NimbusClient qtp2003311844-21 [INFO] Found leader nimbus : bdata1:6627
2019-03-18 17:17:22.592 o.a.s.u.NimbusClient qtp2003311844-18 [INFO] Found leader nimbus : bdata1:6627
2019-03-18 17:17:22.597 o.a.s.u.NimbusClient qtp2003311844-16 [INFO] Found leader nimbus : bdata1:6627
2019-03-18 17:17:22.609 o.a.s.u.NimbusClient qtp2003311844-17 [INFO] Found leader nimbus : bdata1:6627
2019-03-18 17:18:27.498 o.a.s.u.NimbusClient qtp2003311844-18 [INFO] Found leader nimbus : bdata1:6627
2019-03-18 17:18:27.529 o.a.s.u.NimbusClient qtp2003311844-21 [INFO] Found leader nimbus : bdata1:6627
2019-03-18 17:18:27.530 o.a.s.u.NimbusClient qtp2003311844-17 [INFO] Found leader nimbus : bdata1:6627
2019-03-18 17:18:27.531 o.a.s.u.NimbusClient qtp2003311844-19 [INFO] Found leader nimbus : bdata1:6627
2019-03-18 17:18:27.536 o.a.s.u.NimbusClient qtp2003311844-20 [INFO] Found leader nimbus : bdata1:6627
2019-03-18 17:18:28.562 o.a.s.u.NimbusClient qtp2003311844-17 [INFO] Found leader nimbus : bdata1:6627
2019-03-18 17:18:28.589 o.a.s.u.NimbusClient qtp2003311844-20 [INFO] Found leader nimbus : bdata1:6627
2019-03-18 17:18:28.590 o.a.s.u.NimbusClient qtp2003311844-18 [INFO] Found leader nimbus : bdata1:6627
2019-03-18 17:18:28.591 o.a.s.u.NimbusClient qtp2003311844-21 [INFO] Found leader nimbus : bdata1:6627
2019-03-18 17:18:28.592 o.a.s.u.NimbusClient qtp2003311844-16 [INFO] Found leader nimbus : bdata1:6627
2019-03-18 17:18:28.889 o.a.s.u.NimbusClient qtp2003311844-20 [INFO] Found leader nimbus : bdata1:6627
2019-03-18 17:18:28.923 o.a.s.u.NimbusClient qtp2003311844-19 [INFO] Found leader nimbus : bdata1:6627
2019-03-18 17:18:28.924 o.a.s.u.NimbusClient qtp2003311844-17 [INFO] Found leader nimbus : bdata1:6627
2019-03-18 17:18:28.924 o.a.s.u.NimbusClient qtp2003311844-18 [INFO] Found leader nimbus : bdata1:6627
2019-03-18 17:18:28.926 o.a.s.u.NimbusClient qtp2003311844-16 [INFO] Found leader nimbus : bdata1:6627
2019-03-18 17:18:30.382 o.a.s.u.NimbusClient qtp2003311844-17 [INFO] Found leader nimbus : bdata1:6627
2019-03-18 17:18:30.409 o.a.s.u.NimbusClient qtp2003311844-18 [INFO] Found leader nimbus : bdata1:6627
2019-03-18 17:18:30.409 o.a.s.u.NimbusClient qtp2003311844-20 [INFO] Found leader nimbus : bdata1:6627
2019-03-18 17:18:30.409 o.a.s.u.NimbusClient qtp2003311844-21 [INFO] Found leader nimbus : bdata1:6627
2019-03-18 17:18:30.411 o.a.s.u.NimbusClient qtp2003311844-19 [INFO] Found leader nimbus : bdata1:6627
2019-03-18 17:19:05.882 o.a.s.u.NimbusClient qtp2003311844-16 [INFO] Found leader nimbus : bdata1:6627
2019-03-18 17:19:05.902 o.a.s.u.NimbusClient qtp2003311844-21 [INFO] Found leader nimbus : bdata1:6627
2019-03-18 17:19:05.902 o.a.s.u.NimbusClient qtp2003311844-18 [INFO] Found leader nimbus : bdata1:6627
2019-03-18 17:19:05.902 o.a.s.u.NimbusClient qtp2003311844-19 [INFO] Found leader nimbus : bdata1:6627
2019-03-18 17:19:05.903 o.a.s.u.NimbusClient qtp2003311844-20 [INFO] Found leader nimbus : bdata1:6627
2019-03-18 17:19:31.177 o.a.s.u.NimbusClient qtp2003311844-17 [INFO] Found leader nimbus : bdata1:6627
2019-03-18 17:19:31.196 o.a.s.u.NimbusClient qtp2003311844-21 [INFO] Found leader nimbus : bdata1:6627
2019-03-18 17:19:31.197 o.a.s.u.NimbusClient qtp2003311844-20 [INFO] Found leader nimbus : bdata1:6627
2019-03-18 17:19:31.197 o.a.s.u.NimbusClient qtp2003311844-19 [INFO] Found leader nimbus : bdata1:6627
2019-03-18 17:19:31.198 o.a.s.u.NimbusClient qtp2003311844-18 [INFO] Found leader nimbus : bdata1:6627
2019-03-18 17:20:52.475 o.a.s.u.NimbusClient qtp2003311844-21 [INFO] Found leader nimbus : bdata1:6627
2019-03-18 17:20:52.496 o.a.s.u.NimbusClient qtp2003311844-17 [INFO] Found leader nimbus : bdata1:6627
2019-03-18 17:20:52.496 o.a.s.u.NimbusClient qtp2003311844-16 [INFO] Found leader nimbus : bdata1:6627
2019-03-18 17:20:52.497 o.a.s.u.NimbusClient qtp2003311844-18 [INFO] Found leader nimbus : bdata1:6627
2019-03-18 17:20:52.497 o.a.s.u.NimbusClient qtp2003311844-20 [INFO] Found leader nimbus : bdata1:6627
2019-03-18 17:28:59.861 o.a.s.u.NimbusClient qtp2003311844-18 [INFO] Found leader nimbus : bdata1:6627
2019-03-18 17:28:59.880 o.a.s.u.NimbusClient qtp2003311844-17 [INFO] Found leader nimbus : bdata1:6627
2019-03-18 17:28:59.880 o.a.s.u.NimbusClient qtp2003311844-19 [INFO] Found leader nimbus : bdata1:6627
2019-03-18 17:28:59.887 o.a.s.u.NimbusClient qtp2003311844-16 [INFO] Found leader nimbus : bdata1:6627
2019-03-18 17:28:59.891 o.a.s.u.NimbusClient qtp2003311844-20 [INFO] Found leader nimbus : bdata1:6627
2019-03-18 17:29:11.104 o.a.s.u.NimbusClient qtp2003311844-16 [INFO] Found leader nimbus : bdata1:6627
2019-03-18 17:29:11.132 o.a.s.u.NimbusClient qtp2003311844-21 [INFO] Found leader nimbus : bdata1:6627
2019-03-18 17:29:11.133 o.a.s.u.NimbusClient qtp2003311844-18 [INFO] Found leader nimbus : bdata1:6627
2019-03-18 17:29:11.134 o.a.s.u.NimbusClient qtp2003311844-17 [INFO] Found leader nimbus : bdata1:6627
2019-03-18 17:29:11.138 o.a.s.u.NimbusClient qtp2003311844-19 [INFO] Found leader nimbus : bdata1:6627
